[INFO] 19:18:50,637 - Launcher.main - Begin to start the server group...
[INFO] 19:18:50,643 - AgentServer.main - Begin to start AgentServer...
[INFO] 19:18:50,647 - ConfigUtil.loadJsConfig - Load js config, file: agent_server.cfg.js
[INFO] 19:18:51,409 - JavaReflectionManager.<clinit> - HCANN000001: Hibernate Commons Annotations {4.0.5.Final}
[INFO] 19:18:51,409 - Version.logVersion - HHH000412: Hibernate Core {4.3.8.Final}
[INFO] 19:18:51,409 - Environment.<clinit> - HHH000206: hibernate.properties not found
[INFO] 19:18:51,425 - Environment.buildBytecodeProvider - HHH000021: Bytecode provider name : javassist
[INFO] 19:18:51,446 - Configuration.configure - HHH000044: Configuring from URL: file:/E:/git/Stone/db/bin/game_server_hibernate.cfg.xml
[WARN] 19:18:51,479 - DTDEntityResolver.resolveEntity - HHH000223: Recognized obsolete hibernate namespace http://hibernate.sourceforge.net/. Use namespace http://www.hibernate.org/dtd/ instead. Refer to Hibernate 3.6 Migration Guide!
[INFO] 19:18:51,507 - Configuration.addResource - HHH000221: Reading mappings from resource: game_server_hibernate_query.xml
[WARN] 19:18:51,529 - DTDEntityResolver.resolveEntity - HHH000223: Recognized obsolete hibernate namespace http://hibernate.sourceforge.net/. Use namespace http://www.hibernate.org/dtd/ instead. Refer to Hibernate 3.6 Migration Guide!
[INFO] 19:18:51,552 - Configuration.doConfigure - HHH000041: Configured SessionFactory: null
[INFO] 19:18:51,626 - ConnectionProviderInitiator.instantiateExplicitConnectionProvider - HHH000130: Instantiating explicit connection provider: org.hibernate.connection.C3P0ConnectionProvider
[INFO] 19:18:51,653 - C3P0ConnectionProvider.configure - HHH010002: C3P0 using driver: com.mysql.jdbc.Driver at URL: jdbc:mysql://localhost:3306/stone?useUnicode=true&characterEncoding=utf-8&useServerPrepStmts=true
[INFO] 19:18:51,653 - C3P0ConnectionProvider.configure - HHH000046: Connection properties: {useUnicode=true, user=root, password=****, characterEncoding=UTF-8}
[INFO] 19:18:51,653 - C3P0ConnectionProvider.configure - HHH000006: Autocommit mode: false
[INFO] 19:18:51,666 - MLog.<clinit> - MLog clients using log4j logging.
[INFO] 19:18:51,819 - C3P0Registry.banner - Initializing c3p0-0.9.2.1 [built 20-March-2013 10:47:27 +0000; debug? true; trace: 10]
[INFO] 19:18:51,882 - AbstractPoolBackedDataSource.getPoolManager - Initializing c3p0 pool... com.mchange.v2.c3p0.PoolBackedDataSource@9dcc9805 [ connectionPoolDataSource -> com.mchange.v2.c3p0.WrapperConnectionPoolDataSource@160a251 [ acquireIncrement -> 3, acquireRetryAttempts -> 30, acquireRetryDelay -> 1000, autoCommitOnClose -> false, automaticTestTable -> null, breakAfterAcquireFailure -> false, checkoutTimeout -> 0, connectionCustomizerClassName -> null, connectionTesterClassName -> com.mchange.v2.c3p0.impl.DefaultConnectionTester, debugUnreturnedConnectionStackTraces -> false, factoryClassLocation -> null, forceIgnoreUnresolvedTransactions -> false, identityToken -> 2v7uaa9c12bo7qm9e7a3|fa14b46, idleConnectionTestPeriod -> 0, initialPoolSize -> 5, maxAdministrativeTaskTime -> 0, maxConnectionAge -> 0, maxIdleTime -> 1800, maxIdleTimeExcessConnections -> 0, maxPoolSize -> 20, maxStatements -> 50, maxStatementsPerConnection -> 0, minPoolSize -> 5, nestedDataSource -> com.mchange.v2.c3p0.DriverManagerDataSource@b2f96a0a [ description -> null, driverClass -> null, factoryClassLocation -> null, identityToken -> 2v7uaa9c12bo7qm9e7a3|574ad288, jdbcUrl -> jdbc:mysql://localhost:3306/stone?useUnicode=true&characterEncoding=utf-8&useServerPrepStmts=true, properties -> {useUnicode=true, user=******, password=******, characterEncoding=UTF-8} ], preferredTestQuery -> null, propertyCycle -> 0, statementCacheNumDeferredCloseThreads -> 0, testConnectionOnCheckin -> false, testConnectionOnCheckout -> true, unreturnedConnectionTimeout -> 0, usesTraditionalReflectiveProxies -> false; userOverrides: {} ], dataSourceName -> null, factoryClassLocation -> null, identityToken -> 2v7uaa9c12bo7qm9e7a3|1f3e0f27, numHelperThreads -> 3 ]
[INFO] 19:18:52,093 - Dialect.<init> - HHH000400: Using dialect: org.hibernate.dialect.MySQL5InnoDBDialect
[INFO] 19:18:52,093 - LobCreatorBuilder.useContextualLobCreation - HHH000423: Disabling contextual LOB creation as JDBC driver reported JDBC version [3] less than 4
[INFO] 19:18:52,208 - TransactionFactoryInitiator.initiateService - HHH000399: Using default transaction strategy (direct JDBC transactions)
[INFO] 19:18:52,212 - ASTQueryTranslatorFactory.<init> - HHH000397: Using ASTQueryTranslatorFactory
[INFO] 19:18:52,617 - ServerNode.startup - ServerIoProcessor: internalProcessor started.
[INFO] 19:18:52,633 - ServerNode.startup - ServerIoProcessor: mainProcessor started.
[INFO] 19:18:52,633 - AgentServer.main - AgentServer started.
[INFO] 19:18:52,634 - WorldServer.main - Begin to start WorldServer...
[INFO] 19:18:52,634 - ConfigUtil.loadJsConfig - Load js config, file: world_server.cfg.js
[INFO] 19:18:52,668 - ServerNode.startup - ServerIoProcessor: mainProcessor started.
[INFO] 19:18:52,668 - WorldServer.main - WorldServer started.
[INFO] 19:18:52,668 - GameServer.main - Begin to start GameServer...
[INFO] 19:18:52,668 - ConfigUtil.loadJsConfig - Load js config, file: game_server.cfg.js
[INFO] 19:18:52,685 - Configuration.configure - HHH000044: Configuring from URL: file:/E:/git/Stone/db/bin/game_server_hibernate.cfg.xml
[WARN] 19:18:52,685 - DTDEntityResolver.resolveEntity - HHH000223: Recognized obsolete hibernate namespace http://hibernate.sourceforge.net/. Use namespace http://www.hibernate.org/dtd/ instead. Refer to Hibernate 3.6 Migration Guide!
[INFO] 19:18:52,685 - Configuration.addResource - HHH000221: Reading mappings from resource: game_server_hibernate_query.xml
[WARN] 19:18:52,685 - DTDEntityResolver.resolveEntity - HHH000223: Recognized obsolete hibernate namespace http://hibernate.sourceforge.net/. Use namespace http://www.hibernate.org/dtd/ instead. Refer to Hibernate 3.6 Migration Guide!
[INFO] 19:18:52,701 - Configuration.doConfigure - HHH000041: Configured SessionFactory: null
[INFO] 19:18:52,718 - ConnectionProviderInitiator.instantiateExplicitConnectionProvider - HHH000130: Instantiating explicit connection provider: org.hibernate.connection.C3P0ConnectionProvider
[INFO] 19:18:52,719 - C3P0ConnectionProvider.configure - HHH010002: C3P0 using driver: com.mysql.jdbc.Driver at URL: jdbc:mysql://localhost:3306/stone?useUnicode=true&characterEncoding=utf-8&useServerPrepStmts=true
[INFO] 19:18:52,719 - C3P0ConnectionProvider.configure - HHH000046: Connection properties: {useUnicode=true, user=root, password=****, characterEncoding=UTF-8}
[INFO] 19:18:52,719 - C3P0ConnectionProvider.configure - HHH000006: Autocommit mode: false
[INFO] 19:18:52,743 - AbstractPoolBackedDataSource.getPoolManager - Initializing c3p0 pool... com.mchange.v2.c3p0.PoolBackedDataSource@99cd9eb6 [ connectionPoolDataSource -> com.mchange.v2.c3p0.WrapperConnectionPoolDataSource@7ebbcef7 [ acquireIncrement -> 3, acquireRetryAttempts -> 30, acquireRetryDelay -> 1000, autoCommitOnClose -> false, automaticTestTable -> null, breakAfterAcquireFailure -> false, checkoutTimeout -> 0, connectionCustomizerClassName -> null, connectionTesterClassName -> com.mchange.v2.c3p0.impl.DefaultConnectionTester, debugUnreturnedConnectionStackTraces -> false, factoryClassLocation -> null, forceIgnoreUnresolvedTransactions -> false, identityToken -> 2v7uaa9c12bo7qm9e7a3|5856e2dc, idleConnectionTestPeriod -> 0, initialPoolSize -> 5, maxAdministrativeTaskTime -> 0, maxConnectionAge -> 0, maxIdleTime -> 1800, maxIdleTimeExcessConnections -> 0, maxPoolSize -> 20, maxStatements -> 50, maxStatementsPerConnection -> 0, minPoolSize -> 5, nestedDataSource -> com.mchange.v2.c3p0.DriverManagerDataSource@c8e1f5a2 [ description -> null, driverClass -> null, factoryClassLocation -> null, identityToken -> 2v7uaa9c12bo7qm9e7a3|3f6df4c9, jdbcUrl -> jdbc:mysql://localhost:3306/stone?useUnicode=true&characterEncoding=utf-8&useServerPrepStmts=true, properties -> {useUnicode=true, user=******, password=******, characterEncoding=UTF-8} ], preferredTestQuery -> null, propertyCycle -> 0, statementCacheNumDeferredCloseThreads -> 0, testConnectionOnCheckin -> false, testConnectionOnCheckout -> true, unreturnedConnectionTimeout -> 0, usesTraditionalReflectiveProxies -> false; userOverrides: {} ], dataSourceName -> null, factoryClassLocation -> null, identityToken -> 2v7uaa9c12bo7qm9e7a3|48b81f68, numHelperThreads -> 3 ]
[INFO] 19:18:52,776 - Dialect.<init> - HHH000400: Using dialect: org.hibernate.dialect.MySQL5InnoDBDialect
[INFO] 19:18:52,776 - LobCreatorBuilder.useContextualLobCreation - HHH000423: Disabling contextual LOB creation as JDBC driver reported JDBC version [3] less than 4
[INFO] 19:18:52,776 - TransactionFactoryInitiator.initiateService - HHH000399: Using default transaction strategy (direct JDBC transactions)
[INFO] 19:18:52,776 - ASTQueryTranslatorFactory.<init> - HHH000397: Using ASTQueryTranslatorFactory
[INFO] 19:18:52,829 - GameServer.connectToAgentServer - Start to connect to agent server...
[INFO] 19:18:52,835 - GameServer.connectToAgentServer - Connect to agent server succeed.
[INFO] 19:18:52,839 - GameServer.connectToWorldServer - Start to connect to world server...
[INFO] 19:18:52,839 - GameServer.connectToWorldServer - Connect to world server succeed.
[INFO] 19:18:52,839 - GameServer.main - GameServer started.
[INFO] 19:18:52,839 - Launcher.main - ServerGroup started.
[INFO] 19:18:52,839 - GameMaster.onAgentSessionOpened - Start to register on agent server...
[INFO] 19:18:52,898 - AgentMaster.onServerInternalMessage - {"sceneIds": [1],"serverInfo": {"type": "GAME","name": "game"}}
[INFO] 19:18:57,611 - AgentPlayerActor.handleLoginResult - Player login, puid: bot1
[INFO] 19:18:57,611 - AgentPlayerActor.handleLoginResult - Player login, puid: bot0
[INFO] 19:18:57,611 - AgentPlayerActor.handleLoginResult - Player login, puid: bot2
[INFO] 19:18:57,644 - AgentPlayerActor.handleLoginResult - Player login, puid: bot3
[INFO] 19:18:57,679 - AgentPlayerActor.handleLoginResult - Player login, puid: bot4
[INFO] 19:18:57,679 - AgentPlayerActor.handleLoginResult - Player login, puid: bot6
[INFO] 19:18:57,695 - AgentPlayerActor.handleLoginResult - Player login, puid: bot5
[INFO] 19:18:57,712 - AgentPlayerActor.handleLoginResult - Player login, puid: bot7
[INFO] 19:18:57,712 - AgentPlayerActor.handleLoginResult - Player login, puid: bot8
[INFO] 19:18:57,746 - EntityScanner.listAllClassNamesInPackage - [EntityAnnotationScanner#listAllClassNamesInPackage]:com.stone.db.entity.HumanEntity found!
[INFO] 19:18:57,746 - EntityScanner.listAllClassNamesInPackage - [EntityAnnotationScanner#listAllClassNamesInPackage]:com.stone.db.entity.HumanItemEntity found!
[INFO] 19:18:57,746 - EntityScanner.listAllClassNamesInPackage - [EntityAnnotationScanner#listAllClassNamesInPackage]:com.stone.db.entity.PlayerEntity found!
[INFO] 19:18:57,746 - EntityScanner.scanAllEntityClassInPackage - [EntityAnnotationScanner#scanAllEntityClassInPackage]:Entity 'com.stone.db.entity.HumanEntity' loaded successfully!
[INFO] 19:18:57,746 - EntityScanner.scanAllEntityClassInPackage - [EntityAnnotationScanner#scanAllEntityClassInPackage]:Entity 'com.stone.db.entity.HumanItemEntity' loaded successfully!
[INFO] 19:18:57,746 - EntityScanner.scanAllEntityClassInPackage - [EntityAnnotationScanner#scanAllEntityClassInPackage]:Entity 'com.stone.db.entity.PlayerEntity' loaded successfully!
[INFO] 19:18:57,746 - EntityScanner.listAllClassNamesInPackage - [EntityAnnotationScanner#listAllClassNamesInPackage]:com.stone.db.entity.HumanEntity found!
[INFO] 19:18:57,746 - EntityScanner.listAllClassNamesInPackage - [EntityAnnotationScanner#listAllClassNamesInPackage]:com.stone.db.entity.HumanItemEntity found!
[INFO] 19:18:57,746 - EntityScanner.listAllClassNamesInPackage - [EntityAnnotationScanner#listAllClassNamesInPackage]:com.stone.db.entity.PlayerEntity found!
[INFO] 19:18:57,746 - EntityScanner.scanAllEntityClassInPackage - [EntityAnnotationScanner#scanAllEntityClassInPackage]:Entity 'com.stone.db.entity.HumanEntity' loaded successfully!
[INFO] 19:18:57,746 - EntityScanner.scanAllEntityClassInPackage - [EntityAnnotationScanner#scanAllEntityClassInPackage]:Entity 'com.stone.db.entity.HumanItemEntity' loaded successfully!
[INFO] 19:18:57,746 - EntityScanner.listAllClassNamesInPackage - [EntityAnnotationScanner#listAllClassNamesInPackage]:com.stone.db.entity.HumanEntity found!
[INFO] 19:18:57,746 - EntityScanner.scanAllEntityClassInPackage - [EntityAnnotationScanner#scanAllEntityClassInPackage]:Entity 'com.stone.db.entity.PlayerEntity' loaded successfully!
[INFO] 19:18:57,746 - EntityScanner.listAllClassNamesInPackage - [EntityAnnotationScanner#listAllClassNamesInPackage]:com.stone.db.entity.HumanItemEntity found!
[INFO] 19:18:57,761 - EntityScanner.listAllClassNamesInPackage - [EntityAnnotationScanner#listAllClassNamesInPackage]:com.stone.db.entity.PlayerEntity found!
[INFO] 19:18:57,761 - EntityScanner.scanAllEntityClassInPackage - [EntityAnnotationScanner#scanAllEntityClassInPackage]:Entity 'com.stone.db.entity.HumanEntity' loaded successfully!
[INFO] 19:18:57,761 - EntityScanner.scanAllEntityClassInPackage - [EntityAnnotationScanner#scanAllEntityClassInPackage]:Entity 'com.stone.db.entity.HumanItemEntity' loaded successfully!
[INFO] 19:18:57,761 - EntityScanner.scanAllEntityClassInPackage - [EntityAnnotationScanner#scanAllEntityClassInPackage]:Entity 'com.stone.db.entity.PlayerEntity' loaded successfully!
[INFO] 19:18:57,761 - AgentPlayerActor.handleLoginResult - Player login, puid: bot9
[INFO] 19:18:57,761 - AgentPlayerActor.handleLoginResult - Player login, puid: bot10
[INFO] 19:18:57,779 - HumanSceneModule.onExternalMessage - bot6_role enter scene ready.
[INFO] 19:18:57,779 - HumanSceneModule.onExternalMessage - bot1_role enter scene ready.
[INFO] 19:18:57,779 - HumanSceneModule.onExternalMessage - bot2_role enter scene ready.
[INFO] 19:18:57,779 - HumanSceneModule.onExternalMessage - bot7_role enter scene ready.
[INFO] 19:18:57,794 - HumanSceneModule.onExternalMessage - bot3_role enter scene ready.
[INFO] 19:18:57,799 - HumanSceneModule.onExternalMessage - bot0_role enter scene ready.
[INFO] 19:18:57,799 - HumanSceneModule.onExternalMessage - bot9_role enter scene ready.
[INFO] 19:18:57,799 - HumanSceneModule.onExternalMessage - bot8_role enter scene ready.
[INFO] 19:18:57,799 - HumanSceneModule.onExternalMessage - bot5_role enter scene ready.
[INFO] 19:18:57,799 - HumanSceneModule.onExternalMessage - bot4_role enter scene ready.
[INFO] 19:18:57,804 - HumanSceneModule.onExternalMessage - bot10_role enter scene ready.
[ERROR] 19:40:52,290 - AbstractIoHandler.exceptionCaught - Exception caught, session: (0x00000006: nio socket, server, /127.0.0.1:35857 => /127.0.0.1:8080)
java.io.IOException: 远程主机强迫关闭了一个现有的连接。
	at sun.nio.ch.SocketDispatcher.read0(Native Method)
	at sun.nio.ch.SocketDispatcher.read(SocketDispatcher.java:43)
	at sun.nio.ch.IOUtil.readIntoNativeBuffer(IOUtil.java:223)
	at sun.nio.ch.IOUtil.read(IOUtil.java:197)
	at sun.nio.ch.SocketChannelImpl.read(SocketChannelImpl.java:379)
	at org.apache.mina.transport.socket.nio.NioProcessor.read(NioProcessor.java:311)
	at org.apache.mina.transport.socket.nio.NioProcessor.read(NioProcessor.java:45)
	at org.apache.mina.core.polling.AbstractPollingIoProcessor.read(AbstractPollingIoProcessor.java:694)
	at org.apache.mina.core.polling.AbstractPollingIoProcessor.process(AbstractPollingIoProcessor.java:668)
	at org.apache.mina.core.polling.AbstractPollingIoProcessor.process(AbstractPollingIoProcessor.java:657)
	at org.apache.mina.core.polling.AbstractPollingIoProcessor.access$600(AbstractPollingIoProcessor.java:67)
	at org.apache.mina.core.polling.AbstractPollingIoProcessor$Processor.run(AbstractPollingIoProcessor.java:1121)
	at org.apache.mina.util.NamePreservingRunnable.run(NamePreservingRunnable.java:64)
	at java.util.concurrent.ThreadPoolExecutor.runWorker(ThreadPoolExecutor.java:1145)
	at java.util.concurrent.ThreadPoolExecutor$Worker.run(ThreadPoolExecutor.java:615)
	at java.lang.Thread.run(Thread.java:745)
[ERROR] 19:40:52,290 - AbstractIoHandler.exceptionCaught - Exception caught, session: (0x00000007: nio socket, server, /127.0.0.1:35870 => /127.0.0.1:8080)
java.io.IOException: 远程主机强迫关闭了一个现有的连接。
	at sun.nio.ch.SocketDispatcher.read0(Native Method)
	at sun.nio.ch.SocketDispatcher.read(SocketDispatcher.java:43)
	at sun.nio.ch.IOUtil.readIntoNativeBuffer(IOUtil.java:223)
	at sun.nio.ch.IOUtil.read(IOUtil.java:197)
	at sun.nio.ch.SocketChannelImpl.read(SocketChannelImpl.java:379)
	at org.apache.mina.transport.socket.nio.NioProcessor.read(NioProcessor.java:311)
	at org.apache.mina.transport.socket.nio.NioProcessor.read(NioProcessor.java:45)
	at org.apache.mina.core.polling.AbstractPollingIoProcessor.read(AbstractPollingIoProcessor.java:694)
	at org.apache.mina.core.polling.AbstractPollingIoProcessor.process(AbstractPollingIoProcessor.java:668)
	at org.apache.mina.core.polling.AbstractPollingIoProcessor.process(AbstractPollingIoProcessor.java:657)
	at org.apache.mina.core.polling.AbstractPollingIoProcessor.access$600(AbstractPollingIoProcessor.java:67)
	at org.apache.mina.core.polling.AbstractPollingIoProcessor$Processor.run(AbstractPollingIoProcessor.java:1121)
	at org.apache.mina.util.NamePreservingRunnable.run(NamePreservingRunnable.java:64)
	at java.util.concurrent.ThreadPoolExecutor.runWorker(ThreadPoolExecutor.java:1145)
	at java.util.concurrent.ThreadPoolExecutor$Worker.run(ThreadPoolExecutor.java:615)
	at java.lang.Thread.run(Thread.java:745)
[ERROR] 19:40:52,290 - AbstractIoHandler.exceptionCaught - Exception caught, session: (0x00000008: nio socket, server, /127.0.0.1:35883 => /127.0.0.1:8080)
java.io.IOException: 远程主机强迫关闭了一个现有的连接。
	at sun.nio.ch.SocketDispatcher.read0(Native Method)
	at sun.nio.ch.SocketDispatcher.read(SocketDispatcher.java:43)
	at sun.nio.ch.IOUtil.readIntoNativeBuffer(IOUtil.java:223)
	at sun.nio.ch.IOUtil.read(IOUtil.java:197)
	at sun.nio.ch.SocketChannelImpl.read(SocketChannelImpl.java:379)
	at org.apache.mina.transport.socket.nio.NioProcessor.read(NioProcessor.java:311)
	at org.apache.mina.transport.socket.nio.NioProcessor.read(NioProcessor.java:45)
	at org.apache.mina.core.polling.AbstractPollingIoProcessor.read(AbstractPollingIoProcessor.java:694)
	at org.apache.mina.core.polling.AbstractPollingIoProcessor.process(AbstractPollingIoProcessor.java:668)
	at org.apache.mina.core.polling.AbstractPollingIoProcessor.process(AbstractPollingIoProcessor.java:657)
	at org.apache.mina.core.polling.AbstractPollingIoProcessor.access$600(AbstractPollingIoProcessor.java:67)
	at org.apache.mina.core.polling.AbstractPollingIoProcessor$Processor.run(AbstractPollingIoProcessor.java:1121)
	at org.apache.mina.util.NamePreservingRunnable.run(NamePreservingRunnable.java:64)
	at java.util.concurrent.ThreadPoolExecutor.runWorker(ThreadPoolExecutor.java:1145)
	at java.util.concurrent.ThreadPoolExecutor$Worker.run(ThreadPoolExecutor.java:615)
	at java.lang.Thread.run(Thread.java:745)
[ERROR] 19:40:52,290 - AbstractIoHandler.exceptionCaught - Exception caught, session: (0x00000005: nio socket, server, /127.0.0.1:35844 => /127.0.0.1:8080)
java.io.IOException: 远程主机强迫关闭了一个现有的连接。
	at sun.nio.ch.SocketDispatcher.read0(Native Method)
	at sun.nio.ch.SocketDispatcher.read(SocketDispatcher.java:43)
	at sun.nio.ch.IOUtil.readIntoNativeBuffer(IOUtil.java:223)
	at sun.nio.ch.IOUtil.read(IOUtil.java:197)
	at sun.nio.ch.SocketChannelImpl.read(SocketChannelImpl.java:379)
	at org.apache.mina.transport.socket.nio.NioProcessor.read(NioProcessor.java:311)
	at org.apache.mina.transport.socket.nio.NioProcessor.read(NioProcessor.java:45)
	at org.apache.mina.core.polling.AbstractPollingIoProcessor.read(AbstractPollingIoProcessor.java:694)
	at org.apache.mina.core.polling.AbstractPollingIoProcessor.process(AbstractPollingIoProcessor.java:668)
	at org.apache.mina.core.polling.AbstractPollingIoProcessor.process(AbstractPollingIoProcessor.java:657)
	at org.apache.mina.core.polling.AbstractPollingIoProcessor.access$600(AbstractPollingIoProcessor.java:67)
	at org.apache.mina.core.polling.AbstractPollingIoProcessor$Processor.run(AbstractPollingIoProcessor.java:1121)
	at org.apache.mina.util.NamePreservingRunnable.run(NamePreservingRunnable.java:64)
	at java.util.concurrent.ThreadPoolExecutor.runWorker(ThreadPoolExecutor.java:1145)
	at java.util.concurrent.ThreadPoolExecutor$Worker.run(ThreadPoolExecutor.java:615)
	at java.lang.Thread.run(Thread.java:745)
[ERROR] 19:40:52,294 - AbstractIoHandler.exceptionCaught - Exception caught, session: (0x0000000F: nio socket, server, /127.0.0.1:35974 => /127.0.0.1:8080)
java.io.IOException: 远程主机强迫关闭了一个现有的连接。
	at sun.nio.ch.SocketDispatcher.read0(Native Method)
	at sun.nio.ch.SocketDispatcher.read(SocketDispatcher.java:43)
	at sun.nio.ch.IOUtil.readIntoNativeBuffer(IOUtil.java:223)
	at sun.nio.ch.IOUtil.read(IOUtil.java:197)
	at sun.nio.ch.SocketChannelImpl.read(SocketChannelImpl.java:379)
	at org.apache.mina.transport.socket.nio.NioProcessor.read(NioProcessor.java:311)
	at org.apache.mina.transport.socket.nio.NioProcessor.read(NioProcessor.java:45)
	at org.apache.mina.core.polling.AbstractPollingIoProcessor.read(AbstractPollingIoProcessor.java:694)
	at org.apache.mina.core.polling.AbstractPollingIoProcessor.process(AbstractPollingIoProcessor.java:668)
	at org.apache.mina.core.polling.AbstractPollingIoProcessor.process(AbstractPollingIoProcessor.java:657)
	at org.apache.mina.core.polling.AbstractPollingIoProcessor.access$600(AbstractPollingIoProcessor.java:67)
	at org.apache.mina.core.polling.AbstractPollingIoProcessor$Processor.run(AbstractPollingIoProcessor.java:1121)
	at org.apache.mina.util.NamePreservingRunnable.run(NamePreservingRunnable.java:64)
	at java.util.concurrent.ThreadPoolExecutor.runWorker(ThreadPoolExecutor.java:1145)
	at java.util.concurrent.ThreadPoolExecutor$Worker.run(ThreadPoolExecutor.java:615)
	at java.lang.Thread.run(Thread.java:745)
[ERROR] 19:40:52,295 - AbstractIoHandler.exceptionCaught - Exception caught, session: (0x0000000A: nio socket, server, /127.0.0.1:35909 => /127.0.0.1:8080)
java.io.IOException: 远程主机强迫关闭了一个现有的连接。
	at sun.nio.ch.SocketDispatcher.read0(Native Method)
	at sun.nio.ch.SocketDispatcher.read(SocketDispatcher.java:43)
	at sun.nio.ch.IOUtil.readIntoNativeBuffer(IOUtil.java:223)
	at sun.nio.ch.IOUtil.read(IOUtil.java:197)
	at sun.nio.ch.SocketChannelImpl.read(SocketChannelImpl.java:379)
	at org.apache.mina.transport.socket.nio.NioProcessor.read(NioProcessor.java:311)
	at org.apache.mina.transport.socket.nio.NioProcessor.read(NioProcessor.java:45)
	at org.apache.mina.core.polling.AbstractPollingIoProcessor.read(AbstractPollingIoProcessor.java:694)
	at org.apache.mina.core.polling.AbstractPollingIoProcessor.process(AbstractPollingIoProcessor.java:668)
	at org.apache.mina.core.polling.AbstractPollingIoProcessor.process(AbstractPollingIoProcessor.java:657)
	at org.apache.mina.core.polling.AbstractPollingIoProcessor.access$600(AbstractPollingIoProcessor.java:67)
	at org.apache.mina.core.polling.AbstractPollingIoProcessor$Processor.run(AbstractPollingIoProcessor.java:1121)
	at org.apache.mina.util.NamePreservingRunnable.run(NamePreservingRunnable.java:64)
	at java.util.concurrent.ThreadPoolExecutor.runWorker(ThreadPoolExecutor.java:1145)
	at java.util.concurrent.ThreadPoolExecutor$Worker.run(ThreadPoolExecutor.java:615)
	at java.lang.Thread.run(Thread.java:745)
[INFO] 19:40:52,299 - HumanSceneModule.onExternalMessage - bot3_role exit scene.
[ERROR] 19:40:52,290 - AbstractIoHandler.exceptionCaught - Exception caught, session: (0x00000009: nio socket, server, /127.0.0.1:35896 => /127.0.0.1:8080)
java.io.IOException: 远程主机强迫关闭了一个现有的连接。
	at sun.nio.ch.SocketDispatcher.read0(Native Method)
	at sun.nio.ch.SocketDispatcher.read(SocketDispatcher.java:43)
	at sun.nio.ch.IOUtil.readIntoNativeBuffer(IOUtil.java:223)
	at sun.nio.ch.IOUtil.read(IOUtil.java:197)
	at sun.nio.ch.SocketChannelImpl.read(SocketChannelImpl.java:379)
	at org.apache.mina.transport.socket.nio.NioProcessor.read(NioProcessor.java:311)
	at org.apache.mina.transport.socket.nio.NioProcessor.read(NioProcessor.java:45)
	at org.apache.mina.core.polling.AbstractPollingIoProcessor.read(AbstractPollingIoProcessor.java:694)
	at org.apache.mina.core.polling.AbstractPollingIoProcessor.process(AbstractPollingIoProcessor.java:668)
	at org.apache.mina.core.polling.AbstractPollingIoProcessor.process(AbstractPollingIoProcessor.java:657)
	at org.apache.mina.core.polling.AbstractPollingIoProcessor.access$600(AbstractPollingIoProcessor.java:67)
	at org.apache.mina.core.polling.AbstractPollingIoProcessor$Processor.run(AbstractPollingIoProcessor.java:1121)
	at org.apache.mina.util.NamePreservingRunnable.run(NamePreservingRunnable.java:64)
	at java.util.concurrent.ThreadPoolExecutor.runWorker(ThreadPoolExecutor.java:1145)
	at java.util.concurrent.ThreadPoolExecutor$Worker.run(ThreadPoolExecutor.java:615)
	at java.lang.Thread.run(Thread.java:745)
[ERROR] 19:40:52,300 - AbstractIoHandler.exceptionCaught - Exception caught, session: (0x0000000E: nio socket, server, /127.0.0.1:35961 => /127.0.0.1:8080)
java.io.IOException: 远程主机强迫关闭了一个现有的连接。
	at sun.nio.ch.SocketDispatcher.read0(Native Method)
	at sun.nio.ch.SocketDispatcher.read(SocketDispatcher.java:43)
	at sun.nio.ch.IOUtil.readIntoNativeBuffer(IOUtil.java:223)
	at sun.nio.ch.IOUtil.read(IOUtil.java:197)
	at sun.nio.ch.SocketChannelImpl.read(SocketChannelImpl.java:379)
	at org.apache.mina.transport.socket.nio.NioProcessor.read(NioProcessor.java:311)
	at org.apache.mina.transport.socket.nio.NioProcessor.read(NioProcessor.java:45)
	at org.apache.mina.core.polling.AbstractPollingIoProcessor.read(AbstractPollingIoProcessor.java:694)
	at org.apache.mina.core.polling.AbstractPollingIoProcessor.process(AbstractPollingIoProcessor.java:668)
	at org.apache.mina.core.polling.AbstractPollingIoProcessor.process(AbstractPollingIoProcessor.java:657)
	at org.apache.mina.core.polling.AbstractPollingIoProcessor.access$600(AbstractPollingIoProcessor.java:67)
	at org.apache.mina.core.polling.AbstractPollingIoProcessor$Processor.run(AbstractPollingIoProcessor.java:1121)
	at org.apache.mina.util.NamePreservingRunnable.run(NamePreservingRunnable.java:64)
	at java.util.concurrent.ThreadPoolExecutor.runWorker(ThreadPoolExecutor.java:1145)
	at java.util.concurrent.ThreadPoolExecutor$Worker.run(ThreadPoolExecutor.java:615)
	at java.lang.Thread.run(Thread.java:745)
[ERROR] 19:40:52,294 - AbstractIoHandler.exceptionCaught - Exception caught, session: (0x0000000D: nio socket, server, /127.0.0.1:35948 => /127.0.0.1:8080)
java.io.IOException: 远程主机强迫关闭了一个现有的连接。
	at sun.nio.ch.SocketDispatcher.read0(Native Method)
	at sun.nio.ch.SocketDispatcher.read(SocketDispatcher.java:43)
	at sun.nio.ch.IOUtil.readIntoNativeBuffer(IOUtil.java:223)
	at sun.nio.ch.IOUtil.read(IOUtil.java:197)
	at sun.nio.ch.SocketChannelImpl.read(SocketChannelImpl.java:379)
	at org.apache.mina.transport.socket.nio.NioProcessor.read(NioProcessor.java:311)
	at org.apache.mina.transport.socket.nio.NioProcessor.read(NioProcessor.java:45)
	at org.apache.mina.core.polling.AbstractPollingIoProcessor.read(AbstractPollingIoProcessor.java:694)
	at org.apache.mina.core.polling.AbstractPollingIoProcessor.process(AbstractPollingIoProcessor.java:668)
	at org.apache.mina.core.polling.AbstractPollingIoProcessor.process(AbstractPollingIoProcessor.java:657)
	at org.apache.mina.core.polling.AbstractPollingIoProcessor.access$600(AbstractPollingIoProcessor.java:67)
	at org.apache.mina.core.polling.AbstractPollingIoProcessor$Processor.run(AbstractPollingIoProcessor.java:1121)
	at org.apache.mina.util.NamePreservingRunnable.run(NamePreservingRunnable.java:64)
	at java.util.concurrent.ThreadPoolExecutor.runWorker(ThreadPoolExecutor.java:1145)
	at java.util.concurrent.ThreadPoolExecutor$Worker.run(ThreadPoolExecutor.java:615)
	at java.lang.Thread.run(Thread.java:745)
[ERROR] 19:40:52,293 - AbstractIoHandler.exceptionCaught - Exception caught, session: (0x0000000C: nio socket, server, /127.0.0.1:35935 => /127.0.0.1:8080)
java.io.IOException: 远程主机强迫关闭了一个现有的连接。
	at sun.nio.ch.SocketDispatcher.read0(Native Method)
	at sun.nio.ch.SocketDispatcher.read(SocketDispatcher.java:43)
	at sun.nio.ch.IOUtil.readIntoNativeBuffer(IOUtil.java:223)
	at sun.nio.ch.IOUtil.read(IOUtil.java:197)
	at sun.nio.ch.SocketChannelImpl.read(SocketChannelImpl.java:379)
	at org.apache.mina.transport.socket.nio.NioProcessor.read(NioProcessor.java:311)
	at org.apache.mina.transport.socket.nio.NioProcessor.read(NioProcessor.java:45)
	at org.apache.mina.core.polling.AbstractPollingIoProcessor.read(AbstractPollingIoProcessor.java:694)
	at org.apache.mina.core.polling.AbstractPollingIoProcessor.process(AbstractPollingIoProcessor.java:668)
	at org.apache.mina.core.polling.AbstractPollingIoProcessor.process(AbstractPollingIoProcessor.java:657)
	at org.apache.mina.core.polling.AbstractPollingIoProcessor.access$600(AbstractPollingIoProcessor.java:67)
	at org.apache.mina.core.polling.AbstractPollingIoProcessor$Processor.run(AbstractPollingIoProcessor.java:1121)
	at org.apache.mina.util.NamePreservingRunnable.run(NamePreservingRunnable.java:64)
	at java.util.concurrent.ThreadPoolExecutor.runWorker(ThreadPoolExecutor.java:1145)
	at java.util.concurrent.ThreadPoolExecutor$Worker.run(ThreadPoolExecutor.java:615)
	at java.lang.Thread.run(Thread.java:745)
[ERROR] 19:40:52,293 - AbstractIoHandler.exceptionCaught - Exception caught, session: (0x0000000B: nio socket, server, /127.0.0.1:35922 => /127.0.0.1:8080)
java.io.IOException: 远程主机强迫关闭了一个现有的连接。
	at sun.nio.ch.SocketDispatcher.read0(Native Method)
	at sun.nio.ch.SocketDispatcher.read(SocketDispatcher.java:43)
	at sun.nio.ch.IOUtil.readIntoNativeBuffer(IOUtil.java:223)
	at sun.nio.ch.IOUtil.read(IOUtil.java:197)
	at sun.nio.ch.SocketChannelImpl.read(SocketChannelImpl.java:379)
	at org.apache.mina.transport.socket.nio.NioProcessor.read(NioProcessor.java:311)
	at org.apache.mina.transport.socket.nio.NioProcessor.read(NioProcessor.java:45)
	at org.apache.mina.core.polling.AbstractPollingIoProcessor.read(AbstractPollingIoProcessor.java:694)
	at org.apache.mina.core.polling.AbstractPollingIoProcessor.process(AbstractPollingIoProcessor.java:668)
	at org.apache.mina.core.polling.AbstractPollingIoProcessor.process(AbstractPollingIoProcessor.java:657)
	at org.apache.mina.core.polling.AbstractPollingIoProcessor.access$600(AbstractPollingIoProcessor.java:67)
	at org.apache.mina.core.polling.AbstractPollingIoProcessor$Processor.run(AbstractPollingIoProcessor.java:1121)
	at org.apache.mina.util.NamePreservingRunnable.run(NamePreservingRunnable.java:64)
	at java.util.concurrent.ThreadPoolExecutor.runWorker(ThreadPoolExecutor.java:1145)
	at java.util.concurrent.ThreadPoolExecutor$Worker.run(ThreadPoolExecutor.java:615)
	at java.lang.Thread.run(Thread.java:745)
[INFO] 19:40:52,316 - HumanSceneModule.onExternalMessage - bot0_role exit scene.
[INFO] 19:40:52,316 - HumanSceneModule.onExternalMessage - bot1_role exit scene.
[INFO] 19:40:52,316 - HumanSceneModule.onExternalMessage - bot10_role exit scene.
[INFO] 19:40:52,300 - AgentPlayerActor.onGCMessage - Player logout, puid: bot3
[INFO] 19:40:52,300 - HumanSceneModule.onExternalMessage - bot2_role exit scene.
[INFO] 19:40:52,331 - HumanSceneModule.onExternalMessage - bot9_role exit scene.
[INFO] 19:40:52,331 - HumanSceneModule.onExternalMessage - bot8_role exit scene.
[INFO] 19:40:52,331 - AgentPlayerActor.onGCMessage - Player logout, puid: bot0
[INFO] 19:40:52,331 - AgentPlayerActor.onGCMessage - Player logout, puid: bot10
[INFO] 19:40:52,331 - AgentPlayerActor.onGCMessage - Player logout, puid: bot2
[INFO] 19:40:52,331 - AgentPlayerActor.onGCMessage - Player logout, puid: bot9
[INFO] 19:40:52,331 - AgentPlayerActor.onGCMessage - Player logout, puid: bot1
[INFO] 19:40:52,331 - AgentPlayerActor.onGCMessage - Player logout, puid: bot8
[INFO] 19:41:02,094 - AgentPlayerActor.handleLoginResult - Player login, puid: bot0
[INFO] 19:41:02,107 - AgentPlayerActor.handleLoginResult - Player login, puid: bot1
[INFO] 19:41:02,107 - AgentPlayerActor.handleLoginResult - Player login, puid: bot2
[INFO] 19:41:02,123 - AgentPlayerActor.handleLoginResult - Player login, puid: bot3
[INFO] 19:41:02,189 - AgentPlayerActor.handleLoginResult - Player login, puid: bot4
[INFO] 19:41:02,206 - AgentPlayerActor.handleLoginResult - Player login, puid: bot5
[INFO] 19:41:02,206 - HumanSceneModule.onExternalMessage - bot1_role enter scene ready.
[INFO] 19:41:02,206 - HumanSceneModule.onExternalMessage - bot0_role enter scene ready.
[INFO] 19:41:02,227 - AgentPlayerActor.handleLoginResult - Player login, puid: bot6
[INFO] 19:41:02,245 - HumanSceneModule.onExternalMessage - bot5_role enter scene ready.
[INFO] 19:41:02,245 - HumanSceneModule.onExternalMessage - bot6_role enter scene ready.
[INFO] 19:41:02,245 - AgentPlayerActor.handleLoginResult - Player login, puid: bot7
[INFO] 19:41:02,261 - AgentPlayerActor.handleLoginResult - Player login, puid: bot8
[INFO] 19:41:02,261 - HumanSceneModule.onExternalMessage - bot7_role enter scene ready.
[INFO] 19:41:02,261 - AgentPlayerActor.handleLoginResult - Player login, puid: bot9
[INFO] 19:41:02,286 - HumanSceneModule.onExternalMessage - bot8_role enter scene ready.
[INFO] 19:41:02,289 - AgentPlayerActor.handleLoginResult - Player login, puid: bot10
[INFO] 19:41:02,290 - HumanSceneModule.onExternalMessage - bot9_role enter scene ready.
[INFO] 19:41:02,297 - HumanSceneModule.onExternalMessage - bot10_role enter scene ready.
[ERROR] 19:42:33,673 - AbstractIoHandler.exceptionCaught - Exception caught, session: (0x00000001: nio socket, server, /10.85.92.18:35815 => /10.85.92.18:6001)
java.io.IOException: 远程主机强迫关闭了一个现有的连接。
	at sun.nio.ch.SocketDispatcher.read0(Native Method)
	at sun.nio.ch.SocketDispatcher.read(SocketDispatcher.java:43)
	at sun.nio.ch.IOUtil.readIntoNativeBuffer(IOUtil.java:223)
	at sun.nio.ch.IOUtil.read(IOUtil.java:197)
	at sun.nio.ch.SocketChannelImpl.read(SocketChannelImpl.java:379)
	at org.apache.mina.transport.socket.nio.NioProcessor.read(NioProcessor.java:311)
	at org.apache.mina.transport.socket.nio.NioProcessor.read(NioProcessor.java:45)
	at org.apache.mina.core.polling.AbstractPollingIoProcessor.read(AbstractPollingIoProcessor.java:694)
	at org.apache.mina.core.polling.AbstractPollingIoProcessor.process(AbstractPollingIoProcessor.java:668)
	at org.apache.mina.core.polling.AbstractPollingIoProcessor.process(AbstractPollingIoProcessor.java:657)
	at org.apache.mina.core.polling.AbstractPollingIoProcessor.access$600(AbstractPollingIoProcessor.java:67)
	at org.apache.mina.core.polling.AbstractPollingIoProcessor$Processor.run(AbstractPollingIoProcessor.java:1121)
	at org.apache.mina.util.NamePreservingRunnable.run(NamePreservingRunnable.java:64)
	at java.util.concurrent.ThreadPoolExecutor.runWorker(ThreadPoolExecutor.java:1145)
	at java.util.concurrent.ThreadPoolExecutor$Worker.run(ThreadPoolExecutor.java:615)
	at java.lang.Thread.run(Thread.java:745)
[ERROR] 19:42:33,674 - AbstractIoHandler.exceptionCaught - Exception caught, session: (0x00000003: nio socket, server, /10.85.92.18:35828 => /10.85.92.18:8082)
java.io.IOException: 远程主机强迫关闭了一个现有的连接。
	at sun.nio.ch.SocketDispatcher.read0(Native Method)
	at sun.nio.ch.SocketDispatcher.read(SocketDispatcher.java:43)
	at sun.nio.ch.IOUtil.readIntoNativeBuffer(IOUtil.java:223)
	at sun.nio.ch.IOUtil.read(IOUtil.java:197)
	at sun.nio.ch.SocketChannelImpl.read(SocketChannelImpl.java:379)
	at org.apache.mina.transport.socket.nio.NioProcessor.read(NioProcessor.java:311)
	at org.apache.mina.transport.socket.nio.NioProcessor.read(NioProcessor.java:45)
	at org.apache.mina.core.polling.AbstractPollingIoProcessor.read(AbstractPollingIoProcessor.java:694)
	at org.apache.mina.core.polling.AbstractPollingIoProcessor.process(AbstractPollingIoProcessor.java:668)
	at org.apache.mina.core.polling.AbstractPollingIoProcessor.process(AbstractPollingIoProcessor.java:657)
	at org.apache.mina.core.polling.AbstractPollingIoProcessor.access$600(AbstractPollingIoProcessor.java:67)
	at org.apache.mina.core.polling.AbstractPollingIoProcessor$Processor.run(AbstractPollingIoProcessor.java:1121)
	at org.apache.mina.util.NamePreservingRunnable.run(NamePreservingRunnable.java:64)
	at java.util.concurrent.ThreadPoolExecutor.runWorker(ThreadPoolExecutor.java:1145)
	at java.util.concurrent.ThreadPoolExecutor$Worker.run(ThreadPoolExecutor.java:615)
	at java.lang.Thread.run(Thread.java:745)
[ERROR] 19:42:33,676 - AbstractIoHandler.exceptionCaught - Exception caught, session: (0x00000004: nio socket, client, /10.85.92.18:35828 => /0.0.0.0:8082)
java.io.IOException: 远程主机强迫关闭了一个现有的连接。
	at sun.nio.ch.SocketDispatcher.read0(Native Method)
	at sun.nio.ch.SocketDispatcher.read(SocketDispatcher.java:43)
	at sun.nio.ch.IOUtil.readIntoNativeBuffer(IOUtil.java:223)
	at sun.nio.ch.IOUtil.read(IOUtil.java:197)
	at sun.nio.ch.SocketChannelImpl.read(SocketChannelImpl.java:379)
	at org.apache.mina.transport.socket.nio.NioProcessor.read(NioProcessor.java:311)
	at org.apache.mina.transport.socket.nio.NioProcessor.read(NioProcessor.java:45)
	at org.apache.mina.core.polling.AbstractPollingIoProcessor.read(AbstractPollingIoProcessor.java:694)
	at org.apache.mina.core.polling.AbstractPollingIoProcessor.process(AbstractPollingIoProcessor.java:668)
	at org.apache.mina.core.polling.AbstractPollingIoProcessor.process(AbstractPollingIoProcessor.java:657)
	at org.apache.mina.core.polling.AbstractPollingIoProcessor.access$600(AbstractPollingIoProcessor.java:67)
	at org.apache.mina.core.polling.AbstractPollingIoProcessor$Processor.run(AbstractPollingIoProcessor.java:1121)
	at org.apache.mina.util.NamePreservingRunnable.run(NamePreservingRunnable.java:64)
	at java.util.concurrent.ThreadPoolExecutor.runWorker(ThreadPoolExecutor.java:1145)
	at java.util.concurrent.ThreadPoolExecutor$Worker.run(ThreadPoolExecutor.java:615)
	at java.lang.Thread.run(Thread.java:745)
[ERROR] 19:42:33,676 - AbstractIoHandler.exceptionCaught - Exception caught, session: (0x00000002: nio socket, client, /10.85.92.18:35815 => /0.0.0.0:6001)
java.io.IOException: 远程主机强迫关闭了一个现有的连接。
	at sun.nio.ch.SocketDispatcher.read0(Native Method)
	at sun.nio.ch.SocketDispatcher.read(SocketDispatcher.java:43)
	at sun.nio.ch.IOUtil.readIntoNativeBuffer(IOUtil.java:223)
	at sun.nio.ch.IOUtil.read(IOUtil.java:197)
	at sun.nio.ch.SocketChannelImpl.read(SocketChannelImpl.java:379)
	at org.apache.mina.transport.socket.nio.NioProcessor.read(NioProcessor.java:311)
	at org.apache.mina.transport.socket.nio.NioProcessor.read(NioProcessor.java:45)
	at org.apache.mina.core.polling.AbstractPollingIoProcessor.read(AbstractPollingIoProcessor.java:694)
	at org.apache.mina.core.polling.AbstractPollingIoProcessor.process(AbstractPollingIoProcessor.java:668)
	at org.apache.mina.core.polling.AbstractPollingIoProcessor.process(AbstractPollingIoProcessor.java:657)
	at org.apache.mina.core.polling.AbstractPollingIoProcessor.access$600(AbstractPollingIoProcessor.java:67)
	at org.apache.mina.core.polling.AbstractPollingIoProcessor$Processor.run(AbstractPollingIoProcessor.java:1121)
	at org.apache.mina.util.NamePreservingRunnable.run(NamePreservingRunnable.java:64)
	at java.util.concurrent.ThreadPoolExecutor.runWorker(ThreadPoolExecutor.java:1145)
	at java.util.concurrent.ThreadPoolExecutor$Worker.run(ThreadPoolExecutor.java:615)
	at java.lang.Thread.run(Thread.java:745)
