[INFO] 19:09:00,929 - Launcher.main - Begin to start the server group...
[INFO] 19:09:00,934 - AgentServer.main - Begin to start AgentServer...
[INFO] 19:09:00,954 - ConfigUtil.loadJsConfig - Load js config, file: agent_server.cfg.js
[INFO] 19:09:01,683 - JavaReflectionManager.<clinit> - HCANN000001: Hibernate Commons Annotations {4.0.5.Final}
[INFO] 19:09:01,685 - Version.logVersion - HHH000412: Hibernate Core {4.3.8.Final}
[INFO] 19:09:01,685 - Environment.<clinit> - HHH000206: hibernate.properties not found
[INFO] 19:09:01,685 - Environment.buildBytecodeProvider - HHH000021: Bytecode provider name : javassist
[INFO] 19:09:01,700 - Configuration.configure - HHH000044: Configuring from URL: file:/E:/git/Stone/db/bin/game_server_hibernate.cfg.xml
[WARN] 19:09:01,748 - DTDEntityResolver.resolveEntity - HHH000223: Recognized obsolete hibernate namespace http://hibernate.sourceforge.net/. Use namespace http://www.hibernate.org/dtd/ instead. Refer to Hibernate 3.6 Migration Guide!
[INFO] 19:09:01,770 - Configuration.addResource - HHH000221: Reading mappings from resource: game_server_hibernate_query.xml
[WARN] 19:09:01,788 - DTDEntityResolver.resolveEntity - HHH000223: Recognized obsolete hibernate namespace http://hibernate.sourceforge.net/. Use namespace http://www.hibernate.org/dtd/ instead. Refer to Hibernate 3.6 Migration Guide!
[INFO] 19:09:01,804 - Configuration.doConfigure - HHH000041: Configured SessionFactory: null
[INFO] 19:09:01,881 - ConnectionProviderInitiator.instantiateExplicitConnectionProvider - HHH000130: Instantiating explicit connection provider: org.hibernate.connection.C3P0ConnectionProvider
[INFO] 19:09:01,896 - C3P0ConnectionProvider.configure - HHH010002: C3P0 using driver: com.mysql.jdbc.Driver at URL: jdbc:mysql://localhost:3306/stone?useUnicode=true&characterEncoding=utf-8&useServerPrepStmts=true
[INFO] 19:09:01,897 - C3P0ConnectionProvider.configure - HHH000046: Connection properties: {useUnicode=true, user=root, password=****, characterEncoding=UTF-8}
[INFO] 19:09:01,897 - C3P0ConnectionProvider.configure - HHH000006: Autocommit mode: false
[INFO] 19:09:01,909 - MLog.<clinit> - MLog clients using log4j logging.
[INFO] 19:09:02,049 - C3P0Registry.banner - Initializing c3p0-0.9.2.1 [built 20-March-2013 10:47:27 +0000; debug? true; trace: 10]
[INFO] 19:09:02,099 - AbstractPoolBackedDataSource.getPoolManager - Initializing c3p0 pool... com.mchange.v2.c3p0.PoolBackedDataSource@cb38a3b9 [ connectionPoolDataSource -> com.mchange.v2.c3p0.WrapperConnectionPoolDataSource@a40835b2 [ acquireIncrement -> 3, acquireRetryAttempts -> 30, acquireRetryDelay -> 1000, autoCommitOnClose -> false, automaticTestTable -> null, breakAfterAcquireFailure -> false, checkoutTimeout -> 0, connectionCustomizerClassName -> null, connectionTesterClassName -> com.mchange.v2.c3p0.impl.DefaultConnectionTester, debugUnreturnedConnectionStackTraces -> false, factoryClassLocation -> null, forceIgnoreUnresolvedTransactions -> false, identityToken -> 2rvy2d9c12bbkokspdkkg|1cb953b3, idleConnectionTestPeriod -> 0, initialPoolSize -> 5, maxAdministrativeTaskTime -> 0, maxConnectionAge -> 0, maxIdleTime -> 1800, maxIdleTimeExcessConnections -> 0, maxPoolSize -> 20, maxStatements -> 50, maxStatementsPerConnection -> 0, minPoolSize -> 5, nestedDataSource -> com.mchange.v2.c3p0.DriverManagerDataSource@8dfdf1d8 [ description -> null, driverClass -> null, factoryClassLocation -> null, identityToken -> 2rvy2d9c12bbkokspdkkg|13c02dc4, jdbcUrl -> jdbc:mysql://localhost:3306/stone?useUnicode=true&characterEncoding=utf-8&useServerPrepStmts=true, properties -> {useUnicode=true, user=******, password=******, characterEncoding=UTF-8} ], preferredTestQuery -> null, propertyCycle -> 0, statementCacheNumDeferredCloseThreads -> 0, testConnectionOnCheckin -> false, testConnectionOnCheckout -> true, unreturnedConnectionTimeout -> 0, usesTraditionalReflectiveProxies -> false; userOverrides: {} ], dataSourceName -> null, factoryClassLocation -> null, identityToken -> 2rvy2d9c12bbkokspdkkg|7eb49d39, numHelperThreads -> 3 ]
[INFO] 19:09:02,357 - Dialect.<init> - HHH000400: Using dialect: org.hibernate.dialect.MySQL5InnoDBDialect
[INFO] 19:09:02,373 - LobCreatorBuilder.useContextualLobCreation - HHH000423: Disabling contextual LOB creation as JDBC driver reported JDBC version [3] less than 4
[INFO] 19:09:02,474 - TransactionFactoryInitiator.initiateService - HHH000399: Using default transaction strategy (direct JDBC transactions)
[INFO] 19:09:02,479 - ASTQueryTranslatorFactory.<init> - HHH000397: Using ASTQueryTranslatorFactory
[INFO] 19:09:02,816 - ServerNode.startup - ServerIoProcessor: internalProcessor started.
[INFO] 19:09:02,827 - ServerNode.startup - ServerIoProcessor: mainProcessor started.
[INFO] 19:09:02,828 - AgentServer.main - AgentServer started.
[INFO] 19:09:02,828 - WorldServer.main - Begin to start WorldServer...
[INFO] 19:09:02,829 - ConfigUtil.loadJsConfig - Load js config, file: world_server.cfg.js
[INFO] 19:09:02,861 - ServerNode.startup - ServerIoProcessor: mainProcessor started.
[INFO] 19:09:02,862 - WorldServer.main - WorldServer started.
[INFO] 19:09:02,862 - GameServer.main - Begin to start GameServer...
[INFO] 19:09:02,863 - ConfigUtil.loadJsConfig - Load js config, file: game_server.cfg.js
[INFO] 19:09:02,878 - Configuration.configure - HHH000044: Configuring from URL: file:/E:/git/Stone/db/bin/game_server_hibernate.cfg.xml
[WARN] 19:09:02,879 - DTDEntityResolver.resolveEntity - HHH000223: Recognized obsolete hibernate namespace http://hibernate.sourceforge.net/. Use namespace http://www.hibernate.org/dtd/ instead. Refer to Hibernate 3.6 Migration Guide!
[INFO] 19:09:02,882 - Configuration.addResource - HHH000221: Reading mappings from resource: game_server_hibernate_query.xml
[WARN] 19:09:02,883 - DTDEntityResolver.resolveEntity - HHH000223: Recognized obsolete hibernate namespace http://hibernate.sourceforge.net/. Use namespace http://www.hibernate.org/dtd/ instead. Refer to Hibernate 3.6 Migration Guide!
[INFO] 19:09:02,896 - Configuration.doConfigure - HHH000041: Configured SessionFactory: null
[INFO] 19:09:02,897 - ConnectionProviderInitiator.instantiateExplicitConnectionProvider - HHH000130: Instantiating explicit connection provider: org.hibernate.connection.C3P0ConnectionProvider
[INFO] 19:09:02,897 - C3P0ConnectionProvider.configure - HHH010002: C3P0 using driver: com.mysql.jdbc.Driver at URL: jdbc:mysql://localhost:3306/stone?useUnicode=true&characterEncoding=utf-8&useServerPrepStmts=true
[INFO] 19:09:02,897 - C3P0ConnectionProvider.configure - HHH000046: Connection properties: {useUnicode=true, user=root, password=****, characterEncoding=UTF-8}
[INFO] 19:09:02,897 - C3P0ConnectionProvider.configure - HHH000006: Autocommit mode: false
[INFO] 19:09:02,913 - AbstractPoolBackedDataSource.getPoolManager - Initializing c3p0 pool... com.mchange.v2.c3p0.PoolBackedDataSource@39cfb135 [ connectionPoolDataSource -> com.mchange.v2.c3p0.WrapperConnectionPoolDataSource@6e5fd071 [ acquireIncrement -> 3, acquireRetryAttempts -> 30, acquireRetryDelay -> 1000, autoCommitOnClose -> false, automaticTestTable -> null, breakAfterAcquireFailure -> false, checkoutTimeout -> 0, connectionCustomizerClassName -> null, connectionTesterClassName -> com.mchange.v2.c3p0.impl.DefaultConnectionTester, debugUnreturnedConnectionStackTraces -> false, factoryClassLocation -> null, forceIgnoreUnresolvedTransactions -> false, identityToken -> 2rvy2d9c12bbkokspdkkg|5ab8195d, idleConnectionTestPeriod -> 0, initialPoolSize -> 5, maxAdministrativeTaskTime -> 0, maxConnectionAge -> 0, maxIdleTime -> 1800, maxIdleTimeExcessConnections -> 0, maxPoolSize -> 20, maxStatements -> 50, maxStatementsPerConnection -> 0, minPoolSize -> 5, nestedDataSource -> com.mchange.v2.c3p0.DriverManagerDataSource@bc996740 [ description -> null, driverClass -> null, factoryClassLocation -> null, identityToken -> 2rvy2d9c12bbkokspdkkg|d3f8214, jdbcUrl -> jdbc:mysql://localhost:3306/stone?useUnicode=true&characterEncoding=utf-8&useServerPrepStmts=true, properties -> {useUnicode=true, user=******, password=******, characterEncoding=UTF-8} ], preferredTestQuery -> null, propertyCycle -> 0, statementCacheNumDeferredCloseThreads -> 0, testConnectionOnCheckin -> false, testConnectionOnCheckout -> true, unreturnedConnectionTimeout -> 0, usesTraditionalReflectiveProxies -> false; userOverrides: {} ], dataSourceName -> null, factoryClassLocation -> null, identityToken -> 2rvy2d9c12bbkokspdkkg|2cbbcb49, numHelperThreads -> 3 ]
[INFO] 19:09:02,930 - Dialect.<init> - HHH000400: Using dialect: org.hibernate.dialect.MySQL5InnoDBDialect
[INFO] 19:09:02,930 - LobCreatorBuilder.useContextualLobCreation - HHH000423: Disabling contextual LOB creation as JDBC driver reported JDBC version [3] less than 4
[INFO] 19:09:02,930 - TransactionFactoryInitiator.initiateService - HHH000399: Using default transaction strategy (direct JDBC transactions)
[INFO] 19:09:02,930 - ASTQueryTranslatorFactory.<init> - HHH000397: Using ASTQueryTranslatorFactory
[INFO] 19:09:02,979 - GameServer.connectToAgentServer - Start to connect to agent server...
[INFO] 19:09:02,979 - GameServer.connectToAgentServer - Connect to agent server succeed.
[INFO] 19:09:02,979 - GameMaster.onAgentSessionOpened - Start to register on agent server...
[INFO] 19:09:02,979 - GameServer.connectToWorldServer - Start to connect to world server...
[INFO] 19:09:02,979 - GameServer.connectToWorldServer - Connect to world server succeed.
[INFO] 19:09:02,979 - GameServer.main - GameServer started.
[INFO] 19:09:02,995 - Launcher.main - ServerGroup started.
[INFO] 19:09:03,036 - AgentMaster.onServerInternalMessage - {"sceneIds": [1],"serverInfo": {"type": "GAME","name": "game"}}
[INFO] 19:09:05,693 - ServerNode.shutdown - ServerIoProcessor: internalProcessor shutdown.
[INFO] 19:09:05,693 - ServerNode.shutdown - ServerIoProcessor: mainProcessor shutdown.
[INFO] 19:09:05,693 - ServerNode.shutdown - ServerIoProcessor: mainProcessor shutdown.
