[INFO] 23:36:52,746 - Launcher.main - Begin to start the server group...
[INFO] 23:36:52,753 - AgentServer.main - Begin to start AgentServer...
[INFO] 23:36:52,776 - ConfigUtil.loadJsConfig - Load js config, file: agent_server.cfg.js
[INFO] 23:36:53,565 - JavaReflectionManager.<clinit> - HCANN000001: Hibernate Commons Annotations {4.0.5.Final}
[INFO] 23:36:53,572 - Version.logVersion - HHH000412: Hibernate Core {4.3.8.Final}
[INFO] 23:36:53,574 - Environment.<clinit> - HHH000206: hibernate.properties not found
[INFO] 23:36:53,576 - Environment.buildBytecodeProvider - HHH000021: Bytecode provider name : javassist
[INFO] 23:36:53,595 - Configuration.configure - HHH000044: Configuring from URL: file:/E:/git/Stone/db/bin/game_server_hibernate.cfg.xml
[WARN] 23:36:53,634 - DTDEntityResolver.resolveEntity - HHH000223: Recognized obsolete hibernate namespace http://hibernate.sourceforge.net/. Use namespace http://www.hibernate.org/dtd/ instead. Refer to Hibernate 3.6 Migration Guide!
[INFO] 23:36:53,658 - Configuration.addResource - HHH000221: Reading mappings from resource: game_server_hibernate_query.xml
[WARN] 23:36:53,681 - DTDEntityResolver.resolveEntity - HHH000223: Recognized obsolete hibernate namespace http://hibernate.sourceforge.net/. Use namespace http://www.hibernate.org/dtd/ instead. Refer to Hibernate 3.6 Migration Guide!
[INFO] 23:36:53,706 - Configuration.doConfigure - HHH000041: Configured SessionFactory: null
[INFO] 23:36:53,783 - ConnectionProviderInitiator.instantiateExplicitConnectionProvider - HHH000130: Instantiating explicit connection provider: org.hibernate.connection.C3P0ConnectionProvider
[INFO] 23:36:53,809 - C3P0ConnectionProvider.configure - HHH010002: C3P0 using driver: com.mysql.jdbc.Driver at URL: jdbc:mysql://localhost:3306/stone?useUnicode=true&characterEncoding=utf-8&useServerPrepStmts=true
[INFO] 23:36:53,810 - C3P0ConnectionProvider.configure - HHH000046: Connection properties: {useUnicode=true, user=root, password=****, characterEncoding=UTF-8}
[INFO] 23:36:53,810 - C3P0ConnectionProvider.configure - HHH000006: Autocommit mode: false
[INFO] 23:36:53,823 - MLog.<clinit> - MLog clients using log4j logging.
[INFO] 23:36:53,988 - C3P0Registry.banner - Initializing c3p0-0.9.2.1 [built 20-March-2013 10:47:27 +0000; debug? true; trace: 10]
[INFO] 23:36:54,043 - AbstractPoolBackedDataSource.getPoolManager - Initializing c3p0 pool... com.mchange.v2.c3p0.PoolBackedDataSource@aefaed21 [ connectionPoolDataSource -> com.mchange.v2.c3p0.WrapperConnectionPoolDataSource@b06afce3 [ acquireIncrement -> 3, acquireRetryAttempts -> 30, acquireRetryDelay -> 1000, autoCommitOnClose -> false, automaticTestTable -> null, breakAfterAcquireFailure -> false, checkoutTimeout -> 0, connectionCustomizerClassName -> null, connectionTesterClassName -> com.mchange.v2.c3p0.impl.DefaultConnectionTester, debugUnreturnedConnectionStackTraces -> false, factoryClassLocation -> null, forceIgnoreUnresolvedTransactions -> false, identityToken -> 2v7ua49b1w68eht1edz4mt|45067fe5, idleConnectionTestPeriod -> 0, initialPoolSize -> 5, maxAdministrativeTaskTime -> 0, maxConnectionAge -> 0, maxIdleTime -> 1800, maxIdleTimeExcessConnections -> 0, maxPoolSize -> 20, maxStatements -> 50, maxStatementsPerConnection -> 0, minPoolSize -> 5, nestedDataSource -> com.mchange.v2.c3p0.DriverManagerDataSource@228ea767 [ description -> null, driverClass -> null, factoryClassLocation -> null, identityToken -> 2v7ua49b1w68eht1edz4mt|62ea448b, jdbcUrl -> jdbc:mysql://localhost:3306/stone?useUnicode=true&characterEncoding=utf-8&useServerPrepStmts=true, properties -> {useUnicode=true, user=******, password=******, characterEncoding=UTF-8} ], preferredTestQuery -> null, propertyCycle -> 0, statementCacheNumDeferredCloseThreads -> 0, testConnectionOnCheckin -> false, testConnectionOnCheckout -> true, unreturnedConnectionTimeout -> 0, usesTraditionalReflectiveProxies -> false; userOverrides: {} ], dataSourceName -> null, factoryClassLocation -> null, identityToken -> 2v7ua49b1w68eht1edz4mt|6139406a, numHelperThreads -> 3 ]
[INFO] 23:36:54,256 - Dialect.<init> - HHH000400: Using dialect: org.hibernate.dialect.MySQL5InnoDBDialect
[INFO] 23:36:54,264 - LobCreatorBuilder.useContextualLobCreation - HHH000423: Disabling contextual LOB creation as JDBC driver reported JDBC version [3] less than 4
[INFO] 23:36:54,381 - TransactionFactoryInitiator.initiateService - HHH000399: Using default transaction strategy (direct JDBC transactions)
[INFO] 23:36:54,385 - ASTQueryTranslatorFactory.<init> - HHH000397: Using ASTQueryTranslatorFactory
[INFO] 23:36:54,774 - ServerNode.startup - ServerIoProcessor: internalProcessor started.
[INFO] 23:36:54,785 - ServerNode.startup - ServerIoProcessor: mainProcessor started.
[INFO] 23:36:54,786 - AgentServer.main - AgentServer started.
[INFO] 23:36:54,787 - WorldServer.main - Begin to start WorldServer...
[INFO] 23:36:54,787 - ConfigUtil.loadJsConfig - Load js config, file: world_server.cfg.js
[INFO] 23:36:54,825 - ServerNode.startup - ServerIoProcessor: mainProcessor started.
[INFO] 23:36:54,825 - WorldServer.main - WorldServer started.
[INFO] 23:36:54,826 - GameServer.main - Begin to start GameServer...
[INFO] 23:36:54,827 - ConfigUtil.loadJsConfig - Load js config, file: game_server.cfg.js
[INFO] 23:36:54,847 - Configuration.configure - HHH000044: Configuring from URL: file:/E:/git/Stone/db/bin/game_server_hibernate.cfg.xml
[WARN] 23:36:54,849 - DTDEntityResolver.resolveEntity - HHH000223: Recognized obsolete hibernate namespace http://hibernate.sourceforge.net/. Use namespace http://www.hibernate.org/dtd/ instead. Refer to Hibernate 3.6 Migration Guide!
[INFO] 23:36:54,853 - Configuration.addResource - HHH000221: Reading mappings from resource: game_server_hibernate_query.xml
[WARN] 23:36:54,855 - DTDEntityResolver.resolveEntity - HHH000223: Recognized obsolete hibernate namespace http://hibernate.sourceforge.net/. Use namespace http://www.hibernate.org/dtd/ instead. Refer to Hibernate 3.6 Migration Guide!
[INFO] 23:36:54,868 - Configuration.doConfigure - HHH000041: Configured SessionFactory: null
[INFO] 23:36:54,876 - ConnectionProviderInitiator.instantiateExplicitConnectionProvider - HHH000130: Instantiating explicit connection provider: org.hibernate.connection.C3P0ConnectionProvider
[INFO] 23:36:54,876 - C3P0ConnectionProvider.configure - HHH010002: C3P0 using driver: com.mysql.jdbc.Driver at URL: jdbc:mysql://localhost:3306/stone?useUnicode=true&characterEncoding=utf-8&useServerPrepStmts=true
[INFO] 23:36:54,876 - C3P0ConnectionProvider.configure - HHH000046: Connection properties: {useUnicode=true, user=root, password=****, characterEncoding=UTF-8}
[INFO] 23:36:54,876 - C3P0ConnectionProvider.configure - HHH000006: Autocommit mode: false
[INFO] 23:36:54,905 - AbstractPoolBackedDataSource.getPoolManager - Initializing c3p0 pool... com.mchange.v2.c3p0.PoolBackedDataSource@b9bae80d [ connectionPoolDataSource -> com.mchange.v2.c3p0.WrapperConnectionPoolDataSource@a807416d [ acquireIncrement -> 3, acquireRetryAttempts -> 30, acquireRetryDelay -> 1000, autoCommitOnClose -> false, automaticTestTable -> null, breakAfterAcquireFailure -> false, checkoutTimeout -> 0, connectionCustomizerClassName -> null, connectionTesterClassName -> com.mchange.v2.c3p0.impl.DefaultConnectionTester, debugUnreturnedConnectionStackTraces -> false, factoryClassLocation -> null, forceIgnoreUnresolvedTransactions -> false, identityToken -> 2v7ua49b1w68eht1edz4mt|5818672c, idleConnectionTestPeriod -> 0, initialPoolSize -> 5, maxAdministrativeTaskTime -> 0, maxConnectionAge -> 0, maxIdleTime -> 1800, maxIdleTimeExcessConnections -> 0, maxPoolSize -> 20, maxStatements -> 50, maxStatementsPerConnection -> 0, minPoolSize -> 5, nestedDataSource -> com.mchange.v2.c3p0.DriverManagerDataSource@d221af24 [ description -> null, driverClass -> null, factoryClassLocation -> null, identityToken -> 2v7ua49b1w68eht1edz4mt|4cec81dc, jdbcUrl -> jdbc:mysql://localhost:3306/stone?useUnicode=true&characterEncoding=utf-8&useServerPrepStmts=true, properties -> {useUnicode=true, user=******, password=******, characterEncoding=UTF-8} ], preferredTestQuery -> null, propertyCycle -> 0, statementCacheNumDeferredCloseThreads -> 0, testConnectionOnCheckin -> false, testConnectionOnCheckout -> true, unreturnedConnectionTimeout -> 0, usesTraditionalReflectiveProxies -> false; userOverrides: {} ], dataSourceName -> null, factoryClassLocation -> null, identityToken -> 2v7ua49b1w68eht1edz4mt|6a967c08, numHelperThreads -> 3 ]
[INFO] 23:36:54,933 - Dialect.<init> - HHH000400: Using dialect: org.hibernate.dialect.MySQL5InnoDBDialect
[INFO] 23:36:54,934 - LobCreatorBuilder.useContextualLobCreation - HHH000423: Disabling contextual LOB creation as JDBC driver reported JDBC version [3] less than 4
[INFO] 23:36:54,940 - TransactionFactoryInitiator.initiateService - HHH000399: Using default transaction strategy (direct JDBC transactions)
[INFO] 23:36:54,940 - ASTQueryTranslatorFactory.<init> - HHH000397: Using ASTQueryTranslatorFactory
[INFO] 23:36:54,982 - GameServer.connectToAgentServer - Start to connect to agent server...
[INFO] 23:36:54,989 - GameServer.connectToAgentServer - Connect to agent server succeed.
[INFO] 23:36:54,997 - GameServer.connectToWorldServer - Start to connect to world server...
[INFO] 23:36:54,998 - GameServer.connectToWorldServer - Connect to world server succeed.
[INFO] 23:36:54,998 - GameServer.main - GameServer started.
[INFO] 23:36:54,998 - Launcher.main - ServerGroup started.
[INFO] 23:36:55,003 - GameMaster.onAgentSessionOpened - Start to register on agent server...
[INFO] 23:36:55,053 - AgentMaster.onServerInternalMessage - {"sceneIds": [1],"serverInfo": {"type": "GAME","name": "game"}}
