[INFO] 22:10:12,913 - AgentServer.main - Begin to start AgentServer...
[INFO] 22:10:12,929 - ConfigUtil.loadJsConfig - Load js config, file: agent_server.cfg.js
[INFO] 22:10:13,664 - JavaReflectionManager.<clinit> - HCANN000001: Hibernate Commons Annotations {4.0.5.Final}
[INFO] 22:10:13,680 - Version.logVersion - HHH000412: Hibernate Core {4.3.8.Final}
[INFO] 22:10:13,680 - Environment.<clinit> - HHH000206: hibernate.properties not found
[INFO] 22:10:13,680 - Environment.buildBytecodeProvider - HHH000021: Bytecode provider name : javassist
[INFO] 22:10:13,696 - Configuration.configure - HHH000044: Configuring from URL: file:/E:/git/Stone/db/bin/game_server_hibernate.cfg.xml
[WARN] 22:10:13,727 - DTDEntityResolver.resolveEntity - HHH000223: Recognized obsolete hibernate namespace http://hibernate.sourceforge.net/. Use namespace http://www.hibernate.org/dtd/ instead. Refer to Hibernate 3.6 Migration Guide!
[INFO] 22:10:13,743 - Configuration.addResource - HHH000221: Reading mappings from resource: game_server_hibernate_query.xml
[WARN] 22:10:13,774 - DTDEntityResolver.resolveEntity - HHH000223: Recognized obsolete hibernate namespace http://hibernate.sourceforge.net/. Use namespace http://www.hibernate.org/dtd/ instead. Refer to Hibernate 3.6 Migration Guide!
[INFO] 22:10:13,790 - Configuration.doConfigure - HHH000041: Configured SessionFactory: null
[INFO] 22:10:13,868 - ConnectionProviderInitiator.instantiateExplicitConnectionProvider - HHH000130: Instantiating explicit connection provider: org.hibernate.connection.C3P0ConnectionProvider
[INFO] 22:10:13,899 - C3P0ConnectionProvider.configure - HHH010002: C3P0 using driver: com.mysql.jdbc.Driver at URL: jdbc:mysql://localhost:3306/stone?useUnicode=true&characterEncoding=utf-8&useServerPrepStmts=true
[INFO] 22:10:13,899 - C3P0ConnectionProvider.configure - HHH000046: Connection properties: {useUnicode=true, user=root, password=****, characterEncoding=UTF-8}
[INFO] 22:10:13,899 - C3P0ConnectionProvider.configure - HHH000006: Autocommit mode: false
[INFO] 22:10:13,915 - MLog.<clinit> - MLog clients using log4j logging.
[INFO] 22:10:14,086 - C3P0Registry.banner - Initializing c3p0-0.9.2.1 [built 20-March-2013 10:47:27 +0000; debug? true; trace: 10]
[INFO] 22:10:14,133 - AbstractPoolBackedDataSource.getPoolManager - Initializing c3p0 pool... com.mchange.v2.c3p0.PoolBackedDataSource@5603f67e [ connectionPoolDataSource -> com.mchange.v2.c3p0.WrapperConnectionPoolDataSource@d34ff340 [ acquireIncrement -> 3, acquireRetryAttempts -> 30, acquireRetryDelay -> 1000, autoCommitOnClose -> false, automaticTestTable -> null, breakAfterAcquireFailure -> false, checkoutTimeout -> 0, connectionCustomizerClassName -> null, connectionTesterClassName -> com.mchange.v2.c3p0.impl.DefaultConnectionTester, debugUnreturnedConnectionStackTraces -> false, factoryClassLocation -> null, forceIgnoreUnresolvedTransactions -> false, identityToken -> 2v7ua49b1w34y7u9kd4nd|6300fba5, idleConnectionTestPeriod -> 0, initialPoolSize -> 5, maxAdministrativeTaskTime -> 0, maxConnectionAge -> 0, maxIdleTime -> 1800, maxIdleTimeExcessConnections -> 0, maxPoolSize -> 20, maxStatements -> 50, maxStatementsPerConnection -> 0, minPoolSize -> 5, nestedDataSource -> com.mchange.v2.c3p0.DriverManagerDataSource@f93bad83 [ description -> null, driverClass -> null, factoryClassLocation -> null, identityToken -> 2v7ua49b1w34y7u9kd4nd|591dd733, jdbcUrl -> jdbc:mysql://localhost:3306/stone?useUnicode=true&characterEncoding=utf-8&useServerPrepStmts=true, properties -> {useUnicode=true, user=******, password=******, characterEncoding=UTF-8} ], preferredTestQuery -> null, propertyCycle -> 0, statementCacheNumDeferredCloseThreads -> 0, testConnectionOnCheckin -> false, testConnectionOnCheckout -> true, unreturnedConnectionTimeout -> 0, usesTraditionalReflectiveProxies -> false; userOverrides: {} ], dataSourceName -> null, factoryClassLocation -> null, identityToken -> 2v7ua49b1w34y7u9kd4nd|30a24357, numHelperThreads -> 3 ]
[INFO] 22:10:14,351 - Dialect.<init> - HHH000400: Using dialect: org.hibernate.dialect.MySQL5InnoDBDialect
[INFO] 22:10:14,367 - LobCreatorBuilder.useContextualLobCreation - HHH000423: Disabling contextual LOB creation as JDBC driver reported JDBC version [3] less than 4
[INFO] 22:10:14,476 - TransactionFactoryInitiator.initiateService - HHH000399: Using default transaction strategy (direct JDBC transactions)
[INFO] 22:10:14,492 - ASTQueryTranslatorFactory.<init> - HHH000397: Using ASTQueryTranslatorFactory
[INFO] 22:10:14,866 - ServerNode.startup - ServerIoProcessor: internalProcessor started.
[INFO] 22:10:14,882 - ServerNode.startup - ServerIoProcessor: mainProcessor started.
[INFO] 22:10:14,882 - AgentServer.main - AgentServer started.
[INFO] 22:10:14,882 - GameServer.main - Begin to start GameServer...
[INFO] 22:10:14,882 - ConfigUtil.loadJsConfig - Load js config, file: game_server.cfg.js
[INFO] 22:10:14,898 - Configuration.configure - HHH000044: Configuring from URL: file:/E:/git/Stone/db/bin/game_server_hibernate.cfg.xml
[WARN] 22:10:14,898 - DTDEntityResolver.resolveEntity - HHH000223: Recognized obsolete hibernate namespace http://hibernate.sourceforge.net/. Use namespace http://www.hibernate.org/dtd/ instead. Refer to Hibernate 3.6 Migration Guide!
[INFO] 22:10:14,898 - Configuration.addResource - HHH000221: Reading mappings from resource: game_server_hibernate_query.xml
[WARN] 22:10:14,898 - DTDEntityResolver.resolveEntity - HHH000223: Recognized obsolete hibernate namespace http://hibernate.sourceforge.net/. Use namespace http://www.hibernate.org/dtd/ instead. Refer to Hibernate 3.6 Migration Guide!
[INFO] 22:10:14,914 - Configuration.doConfigure - HHH000041: Configured SessionFactory: null
[INFO] 22:10:14,914 - ConnectionProviderInitiator.instantiateExplicitConnectionProvider - HHH000130: Instantiating explicit connection provider: org.hibernate.connection.C3P0ConnectionProvider
[INFO] 22:10:14,914 - C3P0ConnectionProvider.configure - HHH010002: C3P0 using driver: com.mysql.jdbc.Driver at URL: jdbc:mysql://localhost:3306/stone?useUnicode=true&characterEncoding=utf-8&useServerPrepStmts=true
[INFO] 22:10:14,914 - C3P0ConnectionProvider.configure - HHH000046: Connection properties: {useUnicode=true, user=root, password=****, characterEncoding=UTF-8}
[INFO] 22:10:14,914 - C3P0ConnectionProvider.configure - HHH000006: Autocommit mode: false
[INFO] 22:10:14,945 - AbstractPoolBackedDataSource.getPoolManager - Initializing c3p0 pool... com.mchange.v2.c3p0.PoolBackedDataSource@7b04ae0b [ connectionPoolDataSource -> com.mchange.v2.c3p0.WrapperConnectionPoolDataSource@58e2bb05 [ acquireIncrement -> 3, acquireRetryAttempts -> 30, acquireRetryDelay -> 1000, autoCommitOnClose -> false, automaticTestTable -> null, breakAfterAcquireFailure -> false, checkoutTimeout -> 0, connectionCustomizerClassName -> null, connectionTesterClassName -> com.mchange.v2.c3p0.impl.DefaultConnectionTester, debugUnreturnedConnectionStackTraces -> false, factoryClassLocation -> null, forceIgnoreUnresolvedTransactions -> false, identityToken -> 2v7ua49b1w34y7u9kd4nd|7bf4596a, idleConnectionTestPeriod -> 0, initialPoolSize -> 5, maxAdministrativeTaskTime -> 0, maxConnectionAge -> 0, maxIdleTime -> 1800, maxIdleTimeExcessConnections -> 0, maxPoolSize -> 20, maxStatements -> 50, maxStatementsPerConnection -> 0, minPoolSize -> 5, nestedDataSource -> com.mchange.v2.c3p0.DriverManagerDataSource@cf544747 [ description -> null, driverClass -> null, factoryClassLocation -> null, identityToken -> 2v7ua49b1w34y7u9kd4nd|5066c295, jdbcUrl -> jdbc:mysql://localhost:3306/stone?useUnicode=true&characterEncoding=utf-8&useServerPrepStmts=true, properties -> {useUnicode=true, user=******, password=******, characterEncoding=UTF-8} ], preferredTestQuery -> null, propertyCycle -> 0, statementCacheNumDeferredCloseThreads -> 0, testConnectionOnCheckin -> false, testConnectionOnCheckout -> true, unreturnedConnectionTimeout -> 0, usesTraditionalReflectiveProxies -> false; userOverrides: {} ], dataSourceName -> null, factoryClassLocation -> null, identityToken -> 2v7ua49b1w34y7u9kd4nd|7c343190, numHelperThreads -> 3 ]
[INFO] 22:10:14,961 - Dialect.<init> - HHH000400: Using dialect: org.hibernate.dialect.MySQL5InnoDBDialect
[INFO] 22:10:14,961 - LobCreatorBuilder.useContextualLobCreation - HHH000423: Disabling contextual LOB creation as JDBC driver reported JDBC version [3] less than 4
[INFO] 22:10:14,961 - TransactionFactoryInitiator.initiateService - HHH000399: Using default transaction strategy (direct JDBC transactions)
[INFO] 22:10:14,976 - ASTQueryTranslatorFactory.<init> - HHH000397: Using ASTQueryTranslatorFactory
[INFO] 22:10:15,008 - GameServer.connectToAgentServer - Start to connect to agent server...
[INFO] 22:10:15,023 - GameServer.connectToAgentServer - Connect to agent server succeed.
[INFO] 22:10:15,023 - GameServer.main - GameServer started.
[INFO] 22:10:15,023 - GameMaster.onAgentSessionOpened - Start to register on agent server...
[INFO] 22:10:15,086 - AgentMaster.onServerInternalMessage - {"sceneIds": [1],"serverInfo": {"type": "GAME","name": "game"}}
