[INFO] 00:31:55,853 - Launcher.main - Begin to start the server group...
[INFO] 00:31:55,860 - AgentServer.main - Begin to start AgentServer...
[INFO] 00:31:55,882 - ConfigUtil.loadJsConfig - Load js config, file: agent_server.cfg.js
[INFO] 00:31:56,671 - JavaReflectionManager.<clinit> - HCANN000001: Hibernate Commons Annotations {4.0.5.Final}
[INFO] 00:31:56,679 - Version.logVersion - HHH000412: Hibernate Core {4.3.8.Final}
[INFO] 00:31:56,681 - Environment.<clinit> - HHH000206: hibernate.properties not found
[INFO] 00:31:56,683 - Environment.buildBytecodeProvider - HHH000021: Bytecode provider name : javassist
[INFO] 00:31:56,703 - Configuration.configure - HHH000044: Configuring from URL: file:/E:/git/Stone/db/bin/game_server_hibernate.cfg.xml
[WARN] 00:31:56,741 - DTDEntityResolver.resolveEntity - HHH000223: Recognized obsolete hibernate namespace http://hibernate.sourceforge.net/. Use namespace http://www.hibernate.org/dtd/ instead. Refer to Hibernate 3.6 Migration Guide!
[INFO] 00:31:56,765 - Configuration.addResource - HHH000221: Reading mappings from resource: game_server_hibernate_query.xml
[WARN] 00:31:56,789 - DTDEntityResolver.resolveEntity - HHH000223: Recognized obsolete hibernate namespace http://hibernate.sourceforge.net/. Use namespace http://www.hibernate.org/dtd/ instead. Refer to Hibernate 3.6 Migration Guide!
[INFO] 00:31:56,814 - Configuration.doConfigure - HHH000041: Configured SessionFactory: null
[INFO] 00:31:56,891 - ConnectionProviderInitiator.instantiateExplicitConnectionProvider - HHH000130: Instantiating explicit connection provider: org.hibernate.connection.C3P0ConnectionProvider
[INFO] 00:31:56,916 - C3P0ConnectionProvider.configure - HHH010002: C3P0 using driver: com.mysql.jdbc.Driver at URL: jdbc:mysql://localhost:3306/stone?useUnicode=true&characterEncoding=utf-8&useServerPrepStmts=true
[INFO] 00:31:56,917 - C3P0ConnectionProvider.configure - HHH000046: Connection properties: {useUnicode=true, user=root, password=****, characterEncoding=UTF-8}
[INFO] 00:31:56,917 - C3P0ConnectionProvider.configure - HHH000006: Autocommit mode: false
[INFO] 00:31:56,931 - MLog.<clinit> - MLog clients using log4j logging.
[INFO] 00:31:57,088 - C3P0Registry.banner - Initializing c3p0-0.9.2.1 [built 20-March-2013 10:47:27 +0000; debug? true; trace: 10]
[INFO] 00:31:57,145 - AbstractPoolBackedDataSource.getPoolManager - Initializing c3p0 pool... com.mchange.v2.c3p0.PoolBackedDataSource@5bd30f05 [ connectionPoolDataSource -> com.mchange.v2.c3p0.WrapperConnectionPoolDataSource@1b730460 [ acquireIncrement -> 3, acquireRetryAttempts -> 30, acquireRetryDelay -> 1000, autoCommitOnClose -> false, automaticTestTable -> null, breakAfterAcquireFailure -> false, checkoutTimeout -> 0, connectionCustomizerClassName -> null, connectionTesterClassName -> com.mchange.v2.c3p0.impl.DefaultConnectionTester, debugUnreturnedConnectionStackTraces -> false, factoryClassLocation -> null, forceIgnoreUnresolvedTransactions -> false, identityToken -> 2rvy2d9b1w8776n2ttzk0|5cbd845e, idleConnectionTestPeriod -> 0, initialPoolSize -> 5, maxAdministrativeTaskTime -> 0, maxConnectionAge -> 0, maxIdleTime -> 1800, maxIdleTimeExcessConnections -> 0, maxPoolSize -> 20, maxStatements -> 50, maxStatementsPerConnection -> 0, minPoolSize -> 5, nestedDataSource -> com.mchange.v2.c3p0.DriverManagerDataSource@4da2cf74 [ description -> null, driverClass -> null, factoryClassLocation -> null, identityToken -> 2rvy2d9b1w8776n2ttzk0|48c87b2, jdbcUrl -> jdbc:mysql://localhost:3306/stone?useUnicode=true&characterEncoding=utf-8&useServerPrepStmts=true, properties -> {useUnicode=true, user=******, password=******, characterEncoding=UTF-8} ], preferredTestQuery -> null, propertyCycle -> 0, statementCacheNumDeferredCloseThreads -> 0, testConnectionOnCheckin -> false, testConnectionOnCheckout -> true, unreturnedConnectionTimeout -> 0, usesTraditionalReflectiveProxies -> false; userOverrides: {} ], dataSourceName -> null, factoryClassLocation -> null, identityToken -> 2rvy2d9b1w8776n2ttzk0|530f9eb9, numHelperThreads -> 3 ]
[INFO] 00:31:57,335 - Dialect.<init> - HHH000400: Using dialect: org.hibernate.dialect.MySQL5InnoDBDialect
[INFO] 00:31:57,343 - LobCreatorBuilder.useContextualLobCreation - HHH000423: Disabling contextual LOB creation as JDBC driver reported JDBC version [3] less than 4
[INFO] 00:31:57,459 - TransactionFactoryInitiator.initiateService - HHH000399: Using default transaction strategy (direct JDBC transactions)
[INFO] 00:31:57,463 - ASTQueryTranslatorFactory.<init> - HHH000397: Using ASTQueryTranslatorFactory
[INFO] 00:31:57,858 - ServerNode.startup - ServerIoProcessor: internalProcessor started.
[INFO] 00:31:57,869 - ServerNode.startup - ServerIoProcessor: mainProcessor started.
[INFO] 00:31:57,870 - AgentServer.main - AgentServer started.
[INFO] 00:31:57,871 - WorldServer.main - Begin to start WorldServer...
[INFO] 00:31:57,871 - ConfigUtil.loadJsConfig - Load js config, file: world_server.cfg.js
[INFO] 00:31:57,908 - ServerNode.startup - ServerIoProcessor: mainProcessor started.
[INFO] 00:31:57,909 - WorldServer.main - WorldServer started.
[INFO] 00:31:57,910 - GameServer.main - Begin to start GameServer...
[INFO] 00:31:57,911 - ConfigUtil.loadJsConfig - Load js config, file: game_server.cfg.js
[INFO] 00:31:57,930 - Configuration.configure - HHH000044: Configuring from URL: file:/E:/git/Stone/db/bin/game_server_hibernate.cfg.xml
[WARN] 00:31:57,932 - DTDEntityResolver.resolveEntity - HHH000223: Recognized obsolete hibernate namespace http://hibernate.sourceforge.net/. Use namespace http://www.hibernate.org/dtd/ instead. Refer to Hibernate 3.6 Migration Guide!
[INFO] 00:31:57,934 - Configuration.addResource - HHH000221: Reading mappings from resource: game_server_hibernate_query.xml
[WARN] 00:31:57,936 - DTDEntityResolver.resolveEntity - HHH000223: Recognized obsolete hibernate namespace http://hibernate.sourceforge.net/. Use namespace http://www.hibernate.org/dtd/ instead. Refer to Hibernate 3.6 Migration Guide!
[INFO] 00:31:57,951 - Configuration.doConfigure - HHH000041: Configured SessionFactory: null
[INFO] 00:31:57,958 - ConnectionProviderInitiator.instantiateExplicitConnectionProvider - HHH000130: Instantiating explicit connection provider: org.hibernate.connection.C3P0ConnectionProvider
[INFO] 00:31:57,958 - C3P0ConnectionProvider.configure - HHH010002: C3P0 using driver: com.mysql.jdbc.Driver at URL: jdbc:mysql://localhost:3306/stone?useUnicode=true&characterEncoding=utf-8&useServerPrepStmts=true
[INFO] 00:31:57,958 - C3P0ConnectionProvider.configure - HHH000046: Connection properties: {useUnicode=true, user=root, password=****, characterEncoding=UTF-8}
[INFO] 00:31:57,959 - C3P0ConnectionProvider.configure - HHH000006: Autocommit mode: false
[INFO] 00:31:57,990 - AbstractPoolBackedDataSource.getPoolManager - Initializing c3p0 pool... com.mchange.v2.c3p0.PoolBackedDataSource@a963eb1f [ connectionPoolDataSource -> com.mchange.v2.c3p0.WrapperConnectionPoolDataSource@2e462570 [ acquireIncrement -> 3, acquireRetryAttempts -> 30, acquireRetryDelay -> 1000, autoCommitOnClose -> false, automaticTestTable -> null, breakAfterAcquireFailure -> false, checkoutTimeout -> 0, connectionCustomizerClassName -> null, connectionTesterClassName -> com.mchange.v2.c3p0.impl.DefaultConnectionTester, debugUnreturnedConnectionStackTraces -> false, factoryClassLocation -> null, forceIgnoreUnresolvedTransactions -> false, identityToken -> 2rvy2d9b1w8776n2ttzk0|8f0c564, idleConnectionTestPeriod -> 0, initialPoolSize -> 5, maxAdministrativeTaskTime -> 0, maxConnectionAge -> 0, maxIdleTime -> 1800, maxIdleTimeExcessConnections -> 0, maxPoolSize -> 20, maxStatements -> 50, maxStatementsPerConnection -> 0, minPoolSize -> 5, nestedDataSource -> com.mchange.v2.c3p0.DriverManagerDataSource@7eba50f3 [ description -> null, driverClass -> null, factoryClassLocation -> null, identityToken -> 2rvy2d9b1w8776n2ttzk0|49660c5f, jdbcUrl -> jdbc:mysql://localhost:3306/stone?useUnicode=true&characterEncoding=utf-8&useServerPrepStmts=true, properties -> {useUnicode=true, user=******, password=******, characterEncoding=UTF-8} ], preferredTestQuery -> null, propertyCycle -> 0, statementCacheNumDeferredCloseThreads -> 0, testConnectionOnCheckin -> false, testConnectionOnCheckout -> true, unreturnedConnectionTimeout -> 0, usesTraditionalReflectiveProxies -> false; userOverrides: {} ], dataSourceName -> null, factoryClassLocation -> null, identityToken -> 2rvy2d9b1w8776n2ttzk0|3a278a78, numHelperThreads -> 3 ]
[INFO] 00:31:58,010 - Dialect.<init> - HHH000400: Using dialect: org.hibernate.dialect.MySQL5InnoDBDialect
[INFO] 00:31:58,010 - LobCreatorBuilder.useContextualLobCreation - HHH000423: Disabling contextual LOB creation as JDBC driver reported JDBC version [3] less than 4
[INFO] 00:31:58,020 - TransactionFactoryInitiator.initiateService - HHH000399: Using default transaction strategy (direct JDBC transactions)
[INFO] 00:31:58,021 - ASTQueryTranslatorFactory.<init> - HHH000397: Using ASTQueryTranslatorFactory
[INFO] 00:31:58,064 - GameServer.connectToAgentServer - Start to connect to agent server...
[INFO] 00:31:58,071 - GameServer.connectToAgentServer - Connect to agent server succeed.
[INFO] 00:31:58,079 - GameServer.connectToWorldServer - Start to connect to world server...
[INFO] 00:31:58,080 - GameServer.connectToWorldServer - Connect to world server succeed.
[INFO] 00:31:58,080 - GameServer.main - GameServer started.
[INFO] 00:31:58,080 - Launcher.main - ServerGroup started.
[INFO] 00:31:58,085 - GameMaster.onAgentSessionOpened - Start to register on agent server...
[INFO] 00:31:58,136 - AgentMaster.onServerInternalMessage - {"sceneIds": [1],"serverInfo": {"type": "GAME","name": "game"}}
[INFO] 15:15:27,645 - AgentPlayerActor.handleLoginResult - Player login, puid: crazyjohn
[INFO] 15:15:28,100 - EntityScanner.listAllClassNamesInPackage - [EntityAnnotationScanner#listAllClassNamesInPackage]:com.stone.db.entity.HumanEntity found!
[INFO] 15:15:28,108 - EntityScanner.listAllClassNamesInPackage - [EntityAnnotationScanner#listAllClassNamesInPackage]:com.stone.db.entity.HumanItemEntity found!
[INFO] 15:15:28,108 - EntityScanner.listAllClassNamesInPackage - [EntityAnnotationScanner#listAllClassNamesInPackage]:com.stone.db.entity.PlayerEntity found!
[INFO] 15:15:28,108 - EntityScanner.scanAllEntityClassInPackage - [EntityAnnotationScanner#scanAllEntityClassInPackage]:Entity 'com.stone.db.entity.HumanEntity' loaded successfully!
[INFO] 15:15:28,116 - EntityScanner.scanAllEntityClassInPackage - [EntityAnnotationScanner#scanAllEntityClassInPackage]:Entity 'com.stone.db.entity.HumanItemEntity' loaded successfully!
[INFO] 15:15:28,117 - EntityScanner.scanAllEntityClassInPackage - [EntityAnnotationScanner#scanAllEntityClassInPackage]:Entity 'com.stone.db.entity.PlayerEntity' loaded successfully!
[INFO] 15:15:28,378 - HumanSceneModule.onExternalMessage - crazyjohn enter scene ready.
[INFO] 15:15:30,975 - HumanSceneModule.onExternalMessage - crazyjohn exit scene.
[INFO] 15:15:30,986 - AgentPlayerActor.onGCMessage - Player logout, puid: crazyjohn
[INFO] 16:27:05,169 - AgentPlayerActor.handleLoginResult - Player login, puid: crazyjohn
[INFO] 16:27:05,209 - HumanSceneModule.onExternalMessage - crazyjohn enter scene ready.
[INFO] 16:49:08,651 - HumanSceneModule.onExternalMessage - crazyjohn exit scene.
[INFO] 16:49:08,653 - AgentPlayerActor.onGCMessage - Player logout, puid: crazyjohn
[INFO] 17:51:54,600 - AgentPlayerActor.handleLoginResult - Player login, puid: crazyjohn
[INFO] 17:51:54,629 - HumanSceneModule.onExternalMessage - crazyjohn enter scene ready.
[INFO] 17:52:04,518 - HumanSceneModule.onExternalMessage - crazyjohn exit scene.
[INFO] 17:52:04,520 - AgentPlayerActor.onGCMessage - Player logout, puid: crazyjohn
[INFO] 18:09:17,356 - AgentPlayerActor.handleLoginResult - Player login, puid: crazyjohn
[INFO] 18:09:17,391 - HumanSceneModule.onExternalMessage - crazyjohn enter scene ready.
[INFO] 18:09:18,771 - HumanSceneModule.onExternalMessage - crazyjohn exit scene.
[INFO] 18:09:18,772 - AgentPlayerActor.onGCMessage - Player logout, puid: crazyjohn
[INFO] 11:53:03,604 - ServerNode.shutdown - ServerIoProcessor: mainProcessor shutdown.
[INFO] 11:53:03,604 - ServerNode.shutdown - ServerIoProcessor: internalProcessor shutdown.
[INFO] 11:53:03,649 - ServerNode.shutdown - ServerIoProcessor: mainProcessor shutdown.
