[INFO] 23:18:07,691 - Launcher.main - Begin to start the server group...
[INFO] 23:18:07,698 - AgentServer.main - Begin to start AgentServer...
[INFO] 23:18:07,721 - ConfigUtil.loadJsConfig - Load js config, file: agent_server.cfg.js
[INFO] 23:18:08,545 - JavaReflectionManager.<clinit> - HCANN000001: Hibernate Commons Annotations {4.0.5.Final}
[INFO] 23:18:08,553 - Version.logVersion - HHH000412: Hibernate Core {4.3.8.Final}
[INFO] 23:18:08,555 - Environment.<clinit> - HHH000206: hibernate.properties not found
[INFO] 23:18:08,556 - Environment.buildBytecodeProvider - HHH000021: Bytecode provider name : javassist
[INFO] 23:18:08,576 - Configuration.configure - HHH000044: Configuring from URL: file:/E:/git/Stone/db/bin/game_server_hibernate.cfg.xml
[WARN] 23:18:08,616 - DTDEntityResolver.resolveEntity - HHH000223: Recognized obsolete hibernate namespace http://hibernate.sourceforge.net/. Use namespace http://www.hibernate.org/dtd/ instead. Refer to Hibernate 3.6 Migration Guide!
[INFO] 23:18:08,642 - Configuration.addResource - HHH000221: Reading mappings from resource: game_server_hibernate_query.xml
[WARN] 23:18:08,665 - DTDEntityResolver.resolveEntity - HHH000223: Recognized obsolete hibernate namespace http://hibernate.sourceforge.net/. Use namespace http://www.hibernate.org/dtd/ instead. Refer to Hibernate 3.6 Migration Guide!
[INFO] 23:18:08,691 - Configuration.doConfigure - HHH000041: Configured SessionFactory: null
[INFO] 23:18:08,770 - ConnectionProviderInitiator.instantiateExplicitConnectionProvider - HHH000130: Instantiating explicit connection provider: org.hibernate.connection.C3P0ConnectionProvider
[INFO] 23:18:08,799 - C3P0ConnectionProvider.configure - HHH010002: C3P0 using driver: com.mysql.jdbc.Driver at URL: jdbc:mysql://localhost:3306/stone?useUnicode=true&characterEncoding=utf-8&useServerPrepStmts=true
[INFO] 23:18:08,799 - C3P0ConnectionProvider.configure - HHH000046: Connection properties: {useUnicode=true, user=root, password=****, characterEncoding=UTF-8}
[INFO] 23:18:08,799 - C3P0ConnectionProvider.configure - HHH000006: Autocommit mode: false
[INFO] 23:18:08,813 - MLog.<clinit> - MLog clients using log4j logging.
[INFO] 23:18:08,977 - C3P0Registry.banner - Initializing c3p0-0.9.2.1 [built 20-March-2013 10:47:27 +0000; debug? true; trace: 10]
[INFO] 23:18:09,033 - AbstractPoolBackedDataSource.getPoolManager - Initializing c3p0 pool... com.mchange.v2.c3p0.PoolBackedDataSource@92ec46b2 [ connectionPoolDataSource -> com.mchange.v2.c3p0.WrapperConnectionPoolDataSource@283cc9e6 [ acquireIncrement -> 3, acquireRetryAttempts -> 30, acquireRetryDelay -> 1000, autoCommitOnClose -> false, automaticTestTable -> null, breakAfterAcquireFailure -> false, checkoutTimeout -> 0, connectionCustomizerClassName -> null, connectionTesterClassName -> com.mchange.v2.c3p0.impl.DefaultConnectionTester, debugUnreturnedConnectionStackTraces -> false, factoryClassLocation -> null, forceIgnoreUnresolvedTransactions -> false, identityToken -> 2v7ua49b1w5kaff3g47es|6eeb63cc, idleConnectionTestPeriod -> 0, initialPoolSize -> 5, maxAdministrativeTaskTime -> 0, maxConnectionAge -> 0, maxIdleTime -> 1800, maxIdleTimeExcessConnections -> 0, maxPoolSize -> 20, maxStatements -> 50, maxStatementsPerConnection -> 0, minPoolSize -> 5, nestedDataSource -> com.mchange.v2.c3p0.DriverManagerDataSource@1c40c2f8 [ description -> null, driverClass -> null, factoryClassLocation -> null, identityToken -> 2v7ua49b1w5kaff3g47es|3c671557, jdbcUrl -> jdbc:mysql://localhost:3306/stone?useUnicode=true&characterEncoding=utf-8&useServerPrepStmts=true, properties -> {useUnicode=true, user=******, password=******, characterEncoding=UTF-8} ], preferredTestQuery -> null, propertyCycle -> 0, statementCacheNumDeferredCloseThreads -> 0, testConnectionOnCheckin -> false, testConnectionOnCheckout -> true, unreturnedConnectionTimeout -> 0, usesTraditionalReflectiveProxies -> false; userOverrides: {} ], dataSourceName -> null, factoryClassLocation -> null, identityToken -> 2v7ua49b1w5kaff3g47es|6cf31db2, numHelperThreads -> 3 ]
[INFO] 23:18:09,222 - Dialect.<init> - HHH000400: Using dialect: org.hibernate.dialect.MySQL5InnoDBDialect
[INFO] 23:18:09,230 - LobCreatorBuilder.useContextualLobCreation - HHH000423: Disabling contextual LOB creation as JDBC driver reported JDBC version [3] less than 4
[INFO] 23:18:09,347 - TransactionFactoryInitiator.initiateService - HHH000399: Using default transaction strategy (direct JDBC transactions)
[INFO] 23:18:09,352 - ASTQueryTranslatorFactory.<init> - HHH000397: Using ASTQueryTranslatorFactory
[INFO] 23:18:09,746 - ServerNode.startup - ServerIoProcessor: internalProcessor started.
[INFO] 23:18:09,756 - ServerNode.startup - ServerIoProcessor: mainProcessor started.
[INFO] 23:18:09,757 - AgentServer.main - AgentServer started.
[INFO] 23:18:09,758 - WorldServer.main - Begin to start WorldServer...
[INFO] 23:18:09,758 - ConfigUtil.loadJsConfig - Load js config, file: world_server.cfg.js
[INFO] 23:18:09,797 - ServerNode.startup - ServerIoProcessor: mainProcessor started.
[INFO] 23:18:09,798 - WorldServer.main - WorldServer started.
[INFO] 23:18:09,799 - GameServer.main - Begin to start GameServer...
[INFO] 23:18:09,800 - ConfigUtil.loadJsConfig - Load js config, file: game_server.cfg.js
[INFO] 23:18:09,819 - Configuration.configure - HHH000044: Configuring from URL: file:/E:/git/Stone/db/bin/game_server_hibernate.cfg.xml
[WARN] 23:18:09,821 - DTDEntityResolver.resolveEntity - HHH000223: Recognized obsolete hibernate namespace http://hibernate.sourceforge.net/. Use namespace http://www.hibernate.org/dtd/ instead. Refer to Hibernate 3.6 Migration Guide!
[INFO] 23:18:09,824 - Configuration.addResource - HHH000221: Reading mappings from resource: game_server_hibernate_query.xml
[WARN] 23:18:09,826 - DTDEntityResolver.resolveEntity - HHH000223: Recognized obsolete hibernate namespace http://hibernate.sourceforge.net/. Use namespace http://www.hibernate.org/dtd/ instead. Refer to Hibernate 3.6 Migration Guide!
[INFO] 23:18:09,840 - Configuration.doConfigure - HHH000041: Configured SessionFactory: null
[INFO] 23:18:09,847 - ConnectionProviderInitiator.instantiateExplicitConnectionProvider - HHH000130: Instantiating explicit connection provider: org.hibernate.connection.C3P0ConnectionProvider
[INFO] 23:18:09,847 - C3P0ConnectionProvider.configure - HHH010002: C3P0 using driver: com.mysql.jdbc.Driver at URL: jdbc:mysql://localhost:3306/stone?useUnicode=true&characterEncoding=utf-8&useServerPrepStmts=true
[INFO] 23:18:09,848 - C3P0ConnectionProvider.configure - HHH000046: Connection properties: {useUnicode=true, user=root, password=****, characterEncoding=UTF-8}
[INFO] 23:18:09,848 - C3P0ConnectionProvider.configure - HHH000006: Autocommit mode: false
[INFO] 23:18:09,878 - AbstractPoolBackedDataSource.getPoolManager - Initializing c3p0 pool... com.mchange.v2.c3p0.PoolBackedDataSource@d8b94033 [ connectionPoolDataSource -> com.mchange.v2.c3p0.WrapperConnectionPoolDataSource@217dff2b [ acquireIncrement -> 3, acquireRetryAttempts -> 30, acquireRetryDelay -> 1000, autoCommitOnClose -> false, automaticTestTable -> null, breakAfterAcquireFailure -> false, checkoutTimeout -> 0, connectionCustomizerClassName -> null, connectionTesterClassName -> com.mchange.v2.c3p0.impl.DefaultConnectionTester, debugUnreturnedConnectionStackTraces -> false, factoryClassLocation -> null, forceIgnoreUnresolvedTransactions -> false, identityToken -> 2v7ua49b1w5kaff3g47es|60c9c7ff, idleConnectionTestPeriod -> 0, initialPoolSize -> 5, maxAdministrativeTaskTime -> 0, maxConnectionAge -> 0, maxIdleTime -> 1800, maxIdleTimeExcessConnections -> 0, maxPoolSize -> 20, maxStatements -> 50, maxStatementsPerConnection -> 0, minPoolSize -> 5, nestedDataSource -> com.mchange.v2.c3p0.DriverManagerDataSource@35e908bc [ description -> null, driverClass -> null, factoryClassLocation -> null, identityToken -> 2v7ua49b1w5kaff3g47es|375046d6, jdbcUrl -> jdbc:mysql://localhost:3306/stone?useUnicode=true&characterEncoding=utf-8&useServerPrepStmts=true, properties -> {useUnicode=true, user=******, password=******, characterEncoding=UTF-8} ], preferredTestQuery -> null, propertyCycle -> 0, statementCacheNumDeferredCloseThreads -> 0, testConnectionOnCheckin -> false, testConnectionOnCheckout -> true, unreturnedConnectionTimeout -> 0, usesTraditionalReflectiveProxies -> false; userOverrides: {} ], dataSourceName -> null, factoryClassLocation -> null, identityToken -> 2v7ua49b1w5kaff3g47es|79f3ea1b, numHelperThreads -> 3 ]
[INFO] 23:18:09,923 - Dialect.<init> - HHH000400: Using dialect: org.hibernate.dialect.MySQL5InnoDBDialect
[INFO] 23:18:09,924 - LobCreatorBuilder.useContextualLobCreation - HHH000423: Disabling contextual LOB creation as JDBC driver reported JDBC version [3] less than 4
[INFO] 23:18:09,929 - TransactionFactoryInitiator.initiateService - HHH000399: Using default transaction strategy (direct JDBC transactions)
[INFO] 23:18:09,930 - ASTQueryTranslatorFactory.<init> - HHH000397: Using ASTQueryTranslatorFactory
[INFO] 23:18:09,973 - GameServer.connectToAgentServer - Start to connect to agent server...
[INFO] 23:18:09,980 - GameServer.connectToAgentServer - Connect to agent server succeed.
[INFO] 23:18:09,988 - GameServer.connectToWorldServer - Start to connect to world server...
[INFO] 23:18:09,989 - GameServer.connectToWorldServer - Connect to world server succeed.
[INFO] 23:18:09,989 - GameServer.main - GameServer started.
[INFO] 23:18:09,990 - Launcher.main - ServerGroup started.
[INFO] 23:18:09,994 - GameMaster.onAgentSessionOpened - Start to register on agent server...
[INFO] 23:18:10,044 - AgentMaster.onServerInternalMessage - {"sceneIds": [1],"serverInfo": {"type": "GAME","name": "game"}}
[INFO] 23:22:06,496 - AgentPlayerActor.handleLoginResult - Player login, puid: crazyjohn
[INFO] 23:22:06,546 - EntityScanner.listAllClassNamesInPackage - [EntityAnnotationScanner#listAllClassNamesInPackage]:com.stone.db.entity.HumanEntity found!
[INFO] 23:22:06,546 - EntityScanner.listAllClassNamesInPackage - [EntityAnnotationScanner#listAllClassNamesInPackage]:com.stone.db.entity.HumanItemEntity found!
[INFO] 23:22:06,546 - EntityScanner.listAllClassNamesInPackage - [EntityAnnotationScanner#listAllClassNamesInPackage]:com.stone.db.entity.PlayerEntity found!
[INFO] 23:22:06,546 - EntityScanner.scanAllEntityClassInPackage - [EntityAnnotationScanner#scanAllEntityClassInPackage]:Entity 'com.stone.db.entity.HumanEntity' loaded successfully!
[INFO] 23:22:06,547 - EntityScanner.scanAllEntityClassInPackage - [EntityAnnotationScanner#scanAllEntityClassInPackage]:Entity 'com.stone.db.entity.HumanItemEntity' loaded successfully!
[INFO] 23:22:06,547 - EntityScanner.scanAllEntityClassInPackage - [EntityAnnotationScanner#scanAllEntityClassInPackage]:Entity 'com.stone.db.entity.PlayerEntity' loaded successfully!
[INFO] 23:22:06,565 - HumanSceneModule.onExternalMessage - crazyjohn enter scene ready.
[INFO] 23:22:53,961 - HumanSceneModule.onExternalMessage - crazyjohn exit scene.
[INFO] 23:22:53,963 - AgentPlayerActor.onGCMessage - Player logout, puid: crazyjohn
[INFO] 23:36:40,126 - ServerNode.shutdown - ServerIoProcessor: internalProcessor shutdown.
[INFO] 23:36:40,135 - ServerNode.shutdown - ServerIoProcessor: mainProcessor shutdown.
[INFO] 23:36:40,136 - ServerNode.shutdown - ServerIoProcessor: mainProcessor shutdown.
